2024-06-10T16:26:41.692635+00:00 INFO 'ansible_navigator.setup_logger' New ansible-navigator instance, logging initialized
2024-06-10T16:26:41.692826+00:00 INFO 'ansible_navigator.setup_logger' New ansible-runner instance, logging initialized
2024-06-10T16:26:41.692864+00:00 DEBUG 'ansible_navigator.main' ansible-builder==1.1.0 /usr/lib/python3.9/site-packages
2024-06-10T16:26:41.692888+00:00 DEBUG 'ansible_navigator.main' ansible-core==2.13.4 /usr/lib/python3.9/site-packages
2024-06-10T16:26:41.692910+00:00 DEBUG 'ansible_navigator.main' ansible-navigator==2.1.0 /usr/lib/python3.9/site-packages
2024-06-10T16:26:41.692930+00:00 DEBUG 'ansible_navigator.main' ansible-runner==2.2.1 /usr/lib/python3.9/site-packages
2024-06-10T16:26:41.692950+00:00 DEBUG 'ansible_navigator.main' attrs==21.4.0 /usr/lib/python3.9/site-packages
2024-06-10T16:26:41.692969+00:00 DEBUG 'ansible_navigator.main' bindep==2.10.2 /usr/lib/python3.9/site-packages
2024-06-10T16:26:41.692988+00:00 DEBUG 'ansible_navigator.main' cffi==1.14.3 /usr/lib64/python3.9/site-packages
2024-06-10T16:26:41.693008+00:00 DEBUG 'ansible_navigator.main' cryptography==3.3.1 /usr/lib64/python3.9/site-packages
2024-06-10T16:26:41.693027+00:00 DEBUG 'ansible_navigator.main' distro==1.6.0 /usr/lib/python3.9/site-packages
2024-06-10T16:26:41.693046+00:00 DEBUG 'ansible_navigator.main' docutils==0.16 /usr/lib/python3.9/site-packages
2024-06-10T16:26:41.693064+00:00 DEBUG 'ansible_navigator.main' idna==2.10 /usr/lib/python3.9/site-packages
2024-06-10T16:26:41.693083+00:00 DEBUG 'ansible_navigator.main' importlib-metadata==4.10.1 /usr/lib/python3.9/site-packages
2024-06-10T16:26:41.693102+00:00 DEBUG 'ansible_navigator.main' jinja2==3.0.3 /usr/lib/python3.9/site-packages
2024-06-10T16:26:41.693121+00:00 DEBUG 'ansible_navigator.main' jsonschema==4.6.0 /usr/lib/python3.9/site-packages
2024-06-10T16:26:41.693140+00:00 DEBUG 'ansible_navigator.main' lockfile==0.12.2 /usr/lib/python3.9/site-packages
2024-06-10T16:26:41.693158+00:00 DEBUG 'ansible_navigator.main' markupsafe==2.1.0 /usr/lib64/python3.9/site-packages
2024-06-10T16:26:41.693177+00:00 DEBUG 'ansible_navigator.main' onigurumacffi==1.1.0 /usr/lib64/python3.9/site-packages
2024-06-10T16:26:41.693196+00:00 DEBUG 'ansible_navigator.main' packaging==21.3 /usr/lib/python3.9/site-packages
2024-06-10T16:26:41.693214+00:00 DEBUG 'ansible_navigator.main' parsley==1.3 /usr/lib/python3.9/site-packages
2024-06-10T16:26:41.693233+00:00 DEBUG 'ansible_navigator.main' pbr==5.8.1 /usr/lib/python3.9/site-packages
2024-06-10T16:26:41.693260+00:00 DEBUG 'ansible_navigator.main' pexpect==4.8.0 /usr/lib/python3.9/site-packages
2024-06-10T16:26:41.693280+00:00 DEBUG 'ansible_navigator.main' pip==20.2.4 /usr/lib/python3.9/site-packages
2024-06-10T16:26:41.693298+00:00 DEBUG 'ansible_navigator.main' ply==3.11 /usr/lib/python3.9/site-packages
2024-06-10T16:26:41.693317+00:00 DEBUG 'ansible_navigator.main' ptyprocess==0.6.0 /usr/lib/python3.9/site-packages
2024-06-10T16:26:41.693336+00:00 DEBUG 'ansible_navigator.main' pycparser==2.20 /usr/lib/python3.9/site-packages
2024-06-10T16:26:41.693355+00:00 DEBUG 'ansible_navigator.main' pyparsing==2.4.7 /usr/lib/python3.9/site-packages
2024-06-10T16:26:41.693373+00:00 DEBUG 'ansible_navigator.main' pyrsistent==0.18.1 /usr/lib64/python3.9/site-packages
2024-06-10T16:26:41.693399+00:00 DEBUG 'ansible_navigator.main' python-daemon==2.3.0 /usr/lib/python3.9/site-packages
2024-06-10T16:26:41.693423+00:00 DEBUG 'ansible_navigator.main' pyyaml==5.4.1 /usr/lib64/python3.9/site-packages
2024-06-10T16:26:41.693443+00:00 DEBUG 'ansible_navigator.main' requirements-parser==0.2.0 /usr/lib/python3.9/site-packages
2024-06-10T16:26:41.693462+00:00 DEBUG 'ansible_navigator.main' resolvelib==0.5.4 /usr/lib/python3.9/site-packages
2024-06-10T16:26:41.693481+00:00 DEBUG 'ansible_navigator.main' setuptools==50.3.2 /usr/lib/python3.9/site-packages
2024-06-10T16:26:41.693500+00:00 DEBUG 'ansible_navigator.main' six==1.15.0 /usr/lib/python3.9/site-packages
2024-06-10T16:26:41.693519+00:00 DEBUG 'ansible_navigator.main' typing-extensions==3.10.0.2 /usr/lib/python3.9/site-packages
2024-06-10T16:26:41.693541+00:00 DEBUG 'ansible_navigator.main' zipp==3.4.0 /usr/lib/python3.9/site-packages
2024-06-10T16:26:41.693561+00:00 DEBUG 'ansible_navigator.main' Share directory '/usr/lib/python3.9/share/ansible_navigator' not found (development path)
2024-06-10T16:26:41.693580+00:00 DEBUG 'ansible_navigator.main' Share directory '/home/student/.local/share/ansible_navigator' not found (userbase)
2024-06-10T16:26:41.693599+00:00 DEBUG 'ansible_navigator.main' Share directory '/usr/share/ansible_navigator' found (sys.prefix)
2024-06-10T16:26:41.693617+00:00 DEBUG 'ansible_navigator.main' Default collection_doc_cache_path set to: /home/student/.cache/ansible-navigator/collection_doc_cache.db
2024-06-10T16:26:41.693636+00:00 DEBUG 'ansible_navigator.main' EDITOR environment variable not set
2024-06-10T16:26:41.693655+00:00 DEBUG 'ansible_navigator.main' Default editor_command set to: vi +{line_number} {filename}
2024-06-10T16:26:41.693673+00:00 DEBUG 'ansible_navigator.main' No config file set by ANSIBLE_NAVIGATOR_CONFIG
2024-06-10T16:26:41.693691+00:00 DEBUG 'ansible_navigator.main' Looking in /home/student
2024-06-10T16:26:41.693710+00:00 DEBUG 'ansible_navigator.main' Looking for '/home/student/.ansible-navigator.yml', '/home/student/.ansible-navigator.yaml' and '/home/student/.ansible-navigator.json'
2024-06-10T16:26:41.693728+00:00 DEBUG 'ansible_navigator.main' Found 0: 
2024-06-10T16:26:41.693747+00:00 DEBUG 'ansible_navigator.main' Looking in /home/student/Github/vimrc
2024-06-10T16:26:41.693765+00:00 DEBUG 'ansible_navigator.main' Looking for '/home/student/Github/vimrc/ansible-navigator.yml', '/home/student/Github/vimrc/ansible-navigator.yaml' and '/home/student/Github/vimrc/ansible-navigator.json'
2024-06-10T16:26:41.693784+00:00 DEBUG 'ansible_navigator.main' Found 1: '/home/student/Github/vimrc/ansible-navigator.yml'
2024-06-10T16:26:41.693803+00:00 DEBUG 'ansible_navigator.main' All found 1: '/home/student/Github/vimrc/ansible-navigator.yml'
2024-06-10T16:26:41.693821+00:00 DEBUG 'ansible_navigator.main' Using: /home/student/Github/vimrc/ansible-navigator.yml
2024-06-10T16:26:41.693839+00:00 DEBUG 'ansible_navigator.main' Using settings file at /home/student/Github/vimrc/ansible-navigator.yml in search path
2024-06-10T16:26:41.693858+00:00 DEBUG 'ansible_navigator.main' Command provided: 'VIMRC_Setup_AAP.yml'
2024-06-10T16:26:41.693877+00:00 DEBUG 'ansible_navigator.main' ansible-navigator.ansible-runner.artifact-dir not found in settings file
2024-06-10T16:26:41.693897+00:00 DEBUG 'ansible_navigator.main' ansible-navigator.ansible-runner.rotate-artifacts-count not found in settings file
2024-06-10T16:26:41.693915+00:00 DEBUG 'ansible_navigator.main' ansible-navigator.ansible-runner.timeout not found in settings file
2024-06-10T16:26:41.693934+00:00 DEBUG 'ansible_navigator.main' ansible-navigator.app not found in settings file
2024-06-10T16:26:41.693953+00:00 DEBUG 'ansible_navigator.main' ansible-navigator.ansible.cmdline not found in settings file
2024-06-10T16:26:41.693973+00:00 DEBUG 'ansible_navigator.main' ansible-navigator.collection-doc-cache-path not found in settings file
2024-06-10T16:26:41.693991+00:00 DEBUG 'ansible_navigator.main' ansible-navigator.execution-environment.container-engine not found in settings file
2024-06-10T16:26:41.694010+00:00 DEBUG 'ansible_navigator.main' ansible-navigator.execution-environment.container-options not found in settings file
2024-06-10T16:26:41.694029+00:00 DEBUG 'ansible_navigator.main' ansible-navigator.color.enable not found in settings file
2024-06-10T16:26:41.694048+00:00 DEBUG 'ansible_navigator.main' ansible-navigator.editor.command not found in settings file
2024-06-10T16:26:41.694066+00:00 DEBUG 'ansible_navigator.main' ansible-navigator.editor.console not found in settings file
2024-06-10T16:26:41.694085+00:00 DEBUG 'ansible_navigator.main' ansible-navigator.exec.command not found in settings file
2024-06-10T16:26:41.694103+00:00 DEBUG 'ansible_navigator.main' ansible-navigator.exec.shell not found in settings file
2024-06-10T16:26:41.694124+00:00 DEBUG 'ansible_navigator.main' ansible-navigator.execution-environment.enabled not found in settings file
2024-06-10T16:26:41.694144+00:00 DEBUG 'ansible_navigator.main' ansible-navigator.execution-environment.volume-mounts not found in settings file
2024-06-10T16:26:41.694162+00:00 DEBUG 'ansible_navigator.main' ansible-navigator.ansible-builder.help not found in settings file
2024-06-10T16:26:41.694181+00:00 DEBUG 'ansible_navigator.main' ansible-navigator.ansible.config.help not found in settings file
2024-06-10T16:26:41.694200+00:00 DEBUG 'ansible_navigator.main' ansible-navigator.ansible.doc.help not found in settings file
2024-06-10T16:26:41.694218+00:00 DEBUG 'ansible_navigator.main' ansible-navigator.ansible.inventory.help not found in settings file
2024-06-10T16:26:41.694237+00:00 DEBUG 'ansible_navigator.main' ansible-navigator.ansible.playbook.help not found in settings file
2024-06-10T16:26:41.694262+00:00 DEBUG 'ansible_navigator.main' ansible-navigator.images.details not found in settings file
2024-06-10T16:26:41.694281+00:00 DEBUG 'ansible_navigator.main' ansible-navigator.ansible.inventory.entries not found in settings file
2024-06-10T16:26:41.694300+00:00 DEBUG 'ansible_navigator.main' ansible-navigator.inventory-columns not found in settings file
2024-06-10T16:26:41.694318+00:00 DEBUG 'ansible_navigator.main' ansible-navigator.ansible-lint.config not found in settings file
2024-06-10T16:26:41.694337+00:00 DEBUG 'ansible_navigator.main' ansible-navigator.ansible-lint.lintables not found in settings file
2024-06-10T16:26:41.694355+00:00 DEBUG 'ansible_navigator.main' ansible-navigator.logging.append not found in settings file
2024-06-10T16:26:41.694374+00:00 DEBUG 'ansible_navigator.main' ansible-navigator.logging.level not found in settings file
2024-06-10T16:26:41.694399+00:00 DEBUG 'ansible_navigator.main' ansible-navigator.color.osc4 not found in settings file
2024-06-10T16:26:41.694422+00:00 DEBUG 'ansible_navigator.main' ansible-navigator.execution-environment.environment-variables.pass not found in settings file
2024-06-10T16:26:41.694441+00:00 DEBUG 'ansible_navigator.main' ansible-navigator.ansible.playbook.path not found in settings file
2024-06-10T16:26:41.694460+00:00 DEBUG 'ansible_navigator.main' ansible-navigator.playbook-artifact.replay not found in settings file
2024-06-10T16:26:41.694478+00:00 DEBUG 'ansible_navigator.main' ansible-navigator.playbook-artifact.save-as not found in settings file
2024-06-10T16:26:41.694497+00:00 DEBUG 'ansible_navigator.main' ansible-navigator.ansible.doc.plugin.name not found in settings file
2024-06-10T16:26:41.694515+00:00 DEBUG 'ansible_navigator.main' ansible-navigator.ansible.doc.plugin.type not found in settings file
2024-06-10T16:26:41.694534+00:00 DEBUG 'ansible_navigator.main' ansible-navigator.execution-environment.pull.arguments not found in settings file
2024-06-10T16:26:41.694553+00:00 DEBUG 'ansible_navigator.main' ansible-navigator.execution-environment.environment-variables.set not found in settings file
2024-06-10T16:26:41.694572+00:00 DEBUG 'ansible_navigator.main' ansible-navigator.settings.effective not found in settings file
2024-06-10T16:26:41.694590+00:00 DEBUG 'ansible_navigator.main' ansible-navigator.settings.sample not found in settings file
2024-06-10T16:26:41.694614+00:00 DEBUG 'ansible_navigator.main' ansible-navigator.settings.schema not found in settings file
2024-06-10T16:26:41.694633+00:00 DEBUG 'ansible_navigator.main' ansible-navigator.settings.sources not found in settings file
2024-06-10T16:26:41.694652+00:00 DEBUG 'ansible_navigator.main' ansible-navigator.time-zone not found in settings file
2024-06-10T16:26:41.694670+00:00 DEBUG 'ansible_navigator.main' ansible-navigator.ansible-builder.workdir not found in settings file
2024-06-10T16:26:41.694691+00:00 WARNING 'ansible_navigator.main' Configuration errors encountered, rolling back to previous configuration.
2024-06-10T16:26:41.694711+00:00 DEBUG 'ansible_navigator.main' Prior to rollback: ansible_runner_artifact_dir = 'Not set' (Constants/Not set)
2024-06-10T16:26:41.694732+00:00 DEBUG 'ansible_navigator.main' Prior to rollback: ansible_runner_rotate_artifacts_count = 'Not set' (Constants/Not set)
2024-06-10T16:26:41.694752+00:00 DEBUG 'ansible_navigator.main' Prior to rollback: ansible_runner_timeout = 'Not set' (Constants/Not set)
2024-06-10T16:26:41.694771+00:00 DEBUG 'ansible_navigator.main' Prior to rollback: app = 'welcome' (str/Defaults)
2024-06-10T16:26:41.694790+00:00 DEBUG 'ansible_navigator.main' Prior to rollback: cmdline = '['VIMRC_Setup_AAP.yml']' (list/Command line)
2024-06-10T16:26:41.694808+00:00 DEBUG 'ansible_navigator.main' Prior to rollback: collection_doc_cache_path = '/home/student/.cache/ansible-navigator/collection_doc_cache.db' (str/Defaults)
2024-06-10T16:26:41.694827+00:00 DEBUG 'ansible_navigator.main' Prior to rollback: config = './ansible.cfg' (str/Settings file)
2024-06-10T16:26:41.694846+00:00 DEBUG 'ansible_navigator.main' Prior to rollback: container_engine = 'auto' (str/Defaults)
2024-06-10T16:26:41.694864+00:00 DEBUG 'ansible_navigator.main' Prior to rollback: container_options = 'Not set' (Constants/Not set)
2024-06-10T16:26:41.694882+00:00 DEBUG 'ansible_navigator.main' Prior to rollback: display_color = 'True' (bool/Defaults)
2024-06-10T16:26:41.694901+00:00 DEBUG 'ansible_navigator.main' Prior to rollback: editor_command = 'vi +{line_number} {filename}' (str/Defaults)
2024-06-10T16:26:41.694919+00:00 DEBUG 'ansible_navigator.main' Prior to rollback: editor_console = 'True' (bool/Defaults)
2024-06-10T16:26:41.694938+00:00 DEBUG 'ansible_navigator.main' Prior to rollback: exec_command = '/bin/bash' (str/Defaults)
2024-06-10T16:26:41.694956+00:00 DEBUG 'ansible_navigator.main' Prior to rollback: exec_shell = 'True' (bool/Defaults)
2024-06-10T16:26:41.694975+00:00 DEBUG 'ansible_navigator.main' Prior to rollback: execution_environment = 'True' (bool/Defaults)
2024-06-10T16:26:41.694993+00:00 DEBUG 'ansible_navigator.main' Prior to rollback: execution_environment_image = 'localhost/rhci_ee:latest' (str/Settings file)
2024-06-10T16:26:41.695012+00:00 DEBUG 'ansible_navigator.main' Prior to rollback: execution_environment_volume_mounts = 'Not set' (Constants/Not set)
2024-06-10T16:26:41.695030+00:00 DEBUG 'ansible_navigator.main' Prior to rollback: help_builder = 'False' (bool/Defaults)
2024-06-10T16:26:41.695049+00:00 DEBUG 'ansible_navigator.main' Prior to rollback: help_config = 'False' (bool/Defaults)
2024-06-10T16:26:41.695067+00:00 DEBUG 'ansible_navigator.main' Prior to rollback: help_doc = 'False' (bool/Defaults)
2024-06-10T16:26:41.695086+00:00 DEBUG 'ansible_navigator.main' Prior to rollback: help_inventory = 'False' (bool/Defaults)
2024-06-10T16:26:41.695105+00:00 DEBUG 'ansible_navigator.main' Prior to rollback: help_playbook = 'False' (bool/Defaults)
2024-06-10T16:26:41.695123+00:00 DEBUG 'ansible_navigator.main' Prior to rollback: images_details = '['everything']' (list/Defaults)
2024-06-10T16:26:41.695142+00:00 DEBUG 'ansible_navigator.main' Prior to rollback: inventory = 'Not set' (Constants/Not set)
2024-06-10T16:26:41.695161+00:00 DEBUG 'ansible_navigator.main' Prior to rollback: inventory_column = 'Not set' (Constants/Not set)
2024-06-10T16:26:41.695179+00:00 DEBUG 'ansible_navigator.main' Prior to rollback: lint_config = 'Not set' (Constants/Not set)
2024-06-10T16:26:41.695198+00:00 DEBUG 'ansible_navigator.main' Prior to rollback: lintables = 'Not set' (Constants/Not set)
2024-06-10T16:26:41.695217+00:00 DEBUG 'ansible_navigator.main' Prior to rollback: log_append = 'True' (bool/Defaults)
2024-06-10T16:26:41.695236+00:00 DEBUG 'ansible_navigator.main' Prior to rollback: log_file = '/dev/null' (str/Settings file)
2024-06-10T16:26:41.695260+00:00 DEBUG 'ansible_navigator.main' Prior to rollback: log_level = 'warning' (str/Defaults)
2024-06-10T16:26:41.695279+00:00 DEBUG 'ansible_navigator.main' Prior to rollback: mode = 'stdout' (str/Settings file)
2024-06-10T16:26:41.695298+00:00 DEBUG 'ansible_navigator.main' Prior to rollback: osc4 = 'True' (bool/Defaults)
2024-06-10T16:26:41.695317+00:00 DEBUG 'ansible_navigator.main' Prior to rollback: pass_environment_variable = 'Not set' (Constants/Not set)
2024-06-10T16:26:41.695338+00:00 DEBUG 'ansible_navigator.main' Prior to rollback: playbook = 'Not set' (Constants/Not set)
2024-06-10T16:26:41.695357+00:00 DEBUG 'ansible_navigator.main' Prior to rollback: playbook_artifact_enable = 'False' (bool/Settings file)
2024-06-10T16:26:41.695375+00:00 DEBUG 'ansible_navigator.main' Prior to rollback: playbook_artifact_replay = 'Not set' (Constants/Not set)
2024-06-10T16:26:41.695406+00:00 DEBUG 'ansible_navigator.main' Prior to rollback: playbook_artifact_save_as = '{playbook_dir}/{playbook_name}-artifact-{time_stamp}.json' (str/Defaults)
2024-06-10T16:26:41.695428+00:00 DEBUG 'ansible_navigator.main' Prior to rollback: plugin_name = 'Not set' (Constants/Not set)
2024-06-10T16:26:41.695447+00:00 DEBUG 'ansible_navigator.main' Prior to rollback: plugin_type = 'module' (str/Defaults)
2024-06-10T16:26:41.695466+00:00 DEBUG 'ansible_navigator.main' Prior to rollback: pull_arguments = 'Not set' (Constants/Not set)
2024-06-10T16:26:41.695484+00:00 DEBUG 'ansible_navigator.main' Prior to rollback: pull_policy = 'missing' (str/Settings file)
2024-06-10T16:26:41.695502+00:00 DEBUG 'ansible_navigator.main' Prior to rollback: set_environment_variable = 'Not set' (Constants/Not set)
2024-06-10T16:26:41.695520+00:00 DEBUG 'ansible_navigator.main' Prior to rollback: settings_effective = 'False' (bool/Defaults)
2024-06-10T16:26:41.695539+00:00 DEBUG 'ansible_navigator.main' Prior to rollback: settings_sample = 'False' (bool/Defaults)
2024-06-10T16:26:41.695557+00:00 DEBUG 'ansible_navigator.main' Prior to rollback: settings_schema = 'json' (str/Defaults)
2024-06-10T16:26:41.695575+00:00 DEBUG 'ansible_navigator.main' Prior to rollback: settings_sources = 'False' (bool/Defaults)
2024-06-10T16:26:41.695594+00:00 DEBUG 'ansible_navigator.main' Prior to rollback: time_zone = 'UTC' (str/Defaults)
2024-06-10T16:26:41.695612+00:00 DEBUG 'ansible_navigator.main' Prior to rollback: workdir = '/home/student/Github/vimrc' (str/Defaults)
2024-06-10T16:26:41.695631+00:00 DEBUG 'ansible_navigator.main' After rollback: ansible_runner_artifact_dir = 'Not set' (Constants/Not set)
2024-06-10T16:26:41.695649+00:00 DEBUG 'ansible_navigator.main' After rollback: ansible_runner_rotate_artifacts_count = 'Not set' (Constants/Not set)
2024-06-10T16:26:41.695668+00:00 DEBUG 'ansible_navigator.main' After rollback: ansible_runner_timeout = 'Not set' (Constants/Not set)
2024-06-10T16:26:41.695686+00:00 DEBUG 'ansible_navigator.main' After rollback: app = 'Not set' (Constants/Not set)
2024-06-10T16:26:41.695704+00:00 DEBUG 'ansible_navigator.main' After rollback: cmdline = 'Not set' (Constants/Not set)
2024-06-10T16:26:41.695723+00:00 DEBUG 'ansible_navigator.main' After rollback: collection_doc_cache_path = 'Not set' (Constants/Not set)
2024-06-10T16:26:41.695741+00:00 DEBUG 'ansible_navigator.main' After rollback: config = 'Not set' (Constants/Not set)
2024-06-10T16:26:41.695759+00:00 DEBUG 'ansible_navigator.main' After rollback: container_engine = 'Not set' (Constants/Not set)
2024-06-10T16:26:41.695778+00:00 DEBUG 'ansible_navigator.main' After rollback: container_options = 'Not set' (Constants/Not set)
2024-06-10T16:26:41.695796+00:00 DEBUG 'ansible_navigator.main' After rollback: display_color = 'Not set' (Constants/Not set)
2024-06-10T16:26:41.695814+00:00 DEBUG 'ansible_navigator.main' After rollback: editor_command = 'Not set' (Constants/Not set)
2024-06-10T16:26:41.695832+00:00 DEBUG 'ansible_navigator.main' After rollback: editor_console = 'Not set' (Constants/Not set)
2024-06-10T16:26:41.695851+00:00 DEBUG 'ansible_navigator.main' After rollback: exec_command = 'Not set' (Constants/Not set)
2024-06-10T16:26:41.695869+00:00 DEBUG 'ansible_navigator.main' After rollback: exec_shell = 'Not set' (Constants/Not set)
2024-06-10T16:26:41.695887+00:00 DEBUG 'ansible_navigator.main' After rollback: execution_environment = 'Not set' (Constants/Not set)
2024-06-10T16:26:41.695905+00:00 DEBUG 'ansible_navigator.main' After rollback: execution_environment_image = 'Not set' (Constants/Not set)
2024-06-10T16:26:41.695926+00:00 DEBUG 'ansible_navigator.main' After rollback: execution_environment_volume_mounts = 'Not set' (Constants/Not set)
2024-06-10T16:26:41.695946+00:00 DEBUG 'ansible_navigator.main' After rollback: help_builder = 'Not set' (Constants/Not set)
2024-06-10T16:26:41.695964+00:00 DEBUG 'ansible_navigator.main' After rollback: help_config = 'Not set' (Constants/Not set)
2024-06-10T16:26:41.695983+00:00 DEBUG 'ansible_navigator.main' After rollback: help_doc = 'Not set' (Constants/Not set)
2024-06-10T16:26:41.696001+00:00 DEBUG 'ansible_navigator.main' After rollback: help_inventory = 'Not set' (Constants/Not set)
2024-06-10T16:26:41.696019+00:00 DEBUG 'ansible_navigator.main' After rollback: help_playbook = 'Not set' (Constants/Not set)
2024-06-10T16:26:41.696037+00:00 DEBUG 'ansible_navigator.main' After rollback: images_details = 'Not set' (Constants/Not set)
2024-06-10T16:26:41.696055+00:00 DEBUG 'ansible_navigator.main' After rollback: inventory = 'Not set' (Constants/Not set)
2024-06-10T16:26:41.696073+00:00 DEBUG 'ansible_navigator.main' After rollback: inventory_column = 'Not set' (Constants/Not set)
2024-06-10T16:26:41.696091+00:00 DEBUG 'ansible_navigator.main' After rollback: lint_config = 'Not set' (Constants/Not set)
2024-06-10T16:26:41.696109+00:00 DEBUG 'ansible_navigator.main' After rollback: lintables = 'Not set' (Constants/Not set)
2024-06-10T16:26:41.696128+00:00 DEBUG 'ansible_navigator.main' After rollback: log_append = 'Not set' (Constants/Not set)
2024-06-10T16:26:41.696146+00:00 DEBUG 'ansible_navigator.main' After rollback: log_file = 'Not set' (Constants/Not set)
2024-06-10T16:26:41.696164+00:00 DEBUG 'ansible_navigator.main' After rollback: log_level = 'Not set' (Constants/Not set)
2024-06-10T16:26:41.696182+00:00 DEBUG 'ansible_navigator.main' After rollback: mode = 'Not set' (Constants/Not set)
2024-06-10T16:26:41.696201+00:00 DEBUG 'ansible_navigator.main' After rollback: osc4 = 'Not set' (Constants/Not set)
2024-06-10T16:26:41.696219+00:00 DEBUG 'ansible_navigator.main' After rollback: pass_environment_variable = 'Not set' (Constants/Not set)
2024-06-10T16:26:41.696237+00:00 DEBUG 'ansible_navigator.main' After rollback: playbook = 'Not set' (Constants/Not set)
2024-06-10T16:26:41.696261+00:00 DEBUG 'ansible_navigator.main' After rollback: playbook_artifact_enable = 'Not set' (Constants/Not set)
2024-06-10T16:26:41.696280+00:00 DEBUG 'ansible_navigator.main' After rollback: playbook_artifact_replay = 'Not set' (Constants/Not set)
2024-06-10T16:26:41.696299+00:00 DEBUG 'ansible_navigator.main' After rollback: playbook_artifact_save_as = 'Not set' (Constants/Not set)
2024-06-10T16:26:41.696317+00:00 DEBUG 'ansible_navigator.main' After rollback: plugin_name = 'Not set' (Constants/Not set)
2024-06-10T16:26:41.696335+00:00 DEBUG 'ansible_navigator.main' After rollback: plugin_type = 'Not set' (Constants/Not set)
2024-06-10T16:26:41.696353+00:00 DEBUG 'ansible_navigator.main' After rollback: pull_arguments = 'Not set' (Constants/Not set)
2024-06-10T16:26:41.696372+00:00 DEBUG 'ansible_navigator.main' After rollback: pull_policy = 'Not set' (Constants/Not set)
2024-06-10T16:26:41.696396+00:00 DEBUG 'ansible_navigator.main' After rollback: set_environment_variable = 'Not set' (Constants/Not set)
2024-06-10T16:26:41.696419+00:00 DEBUG 'ansible_navigator.main' After rollback: settings_effective = 'Not set' (Constants/Not set)
2024-06-10T16:26:41.696438+00:00 DEBUG 'ansible_navigator.main' After rollback: settings_sample = 'Not set' (Constants/Not set)
2024-06-10T16:26:41.696456+00:00 DEBUG 'ansible_navigator.main' After rollback: settings_schema = 'Not set' (Constants/Not set)
2024-06-10T16:26:41.696475+00:00 DEBUG 'ansible_navigator.main' After rollback: settings_sources = 'Not set' (Constants/Not set)
2024-06-10T16:26:41.696493+00:00 DEBUG 'ansible_navigator.main' After rollback: time_zone = 'Not set' (Constants/Not set)
2024-06-10T16:26:41.696512+00:00 DEBUG 'ansible_navigator.main' After rollback: workdir = 'Not set' (Constants/Not set)
2024-06-10T16:26:41.696533+00:00 DEBUG 'ansible_navigator.main' Configuration rollback complete.
2024-06-10T16:26:41.696553+00:00 DEBUG 'ansible_navigator.main' Collection doc cache not mounted
2024-06-10T16:26:41.696577+00:00 WARNING 'ansible_navigator.main' Issues were found while applying the settings.
2024-06-10T16:26:41.696599+00:00 INFO 'ansible_navigator.main' Command provided: 'VIMRC_Setup_AAP.yml'
2024-06-10T16:26:41.696623+00:00 ERROR 'ansible_navigator.main' argument {subcommand} --help: invalid choice: 'VIMRC_Setup_AAP.yml' (choose from 'builder', 'collections', 'config', 'doc', 'exec', 'images', 'inventory', 'lint', 'replay', 'run', 'settings', 'welcome')
2024-06-10T16:26:41.696645+00:00 INFO 'ansible_navigator.main' Configuration failed, using default log file location. (/home/student/Github/vimrc/ansible-navigator.log) Log level set to debug
2024-06-10T16:26:41.696666+00:00 INFO 'ansible_navigator.main' Review the hints and log file to see what went wrong.
2024-06-10T16:30:37.743506+00:00 INFO 'ansible_navigator.setup_logger' New ansible-navigator instance, logging initialized
2024-06-10T16:30:37.743724+00:00 INFO 'ansible_navigator.setup_logger' New ansible-runner instance, logging initialized
2024-06-10T16:30:37.743763+00:00 DEBUG 'ansible_navigator.main' ansible-builder==1.1.0 /usr/lib/python3.9/site-packages
2024-06-10T16:30:37.743788+00:00 DEBUG 'ansible_navigator.main' ansible-core==2.13.4 /usr/lib/python3.9/site-packages
2024-06-10T16:30:37.743809+00:00 DEBUG 'ansible_navigator.main' ansible-navigator==2.1.0 /usr/lib/python3.9/site-packages
2024-06-10T16:30:37.743829+00:00 DEBUG 'ansible_navigator.main' ansible-runner==2.2.1 /usr/lib/python3.9/site-packages
2024-06-10T16:30:37.743849+00:00 DEBUG 'ansible_navigator.main' attrs==21.4.0 /usr/lib/python3.9/site-packages
2024-06-10T16:30:37.743868+00:00 DEBUG 'ansible_navigator.main' bindep==2.10.2 /usr/lib/python3.9/site-packages
2024-06-10T16:30:37.743887+00:00 DEBUG 'ansible_navigator.main' cffi==1.14.3 /usr/lib64/python3.9/site-packages
2024-06-10T16:30:37.743906+00:00 DEBUG 'ansible_navigator.main' cryptography==3.3.1 /usr/lib64/python3.9/site-packages
2024-06-10T16:30:37.743925+00:00 DEBUG 'ansible_navigator.main' distro==1.6.0 /usr/lib/python3.9/site-packages
2024-06-10T16:30:37.743944+00:00 DEBUG 'ansible_navigator.main' docutils==0.16 /usr/lib/python3.9/site-packages
2024-06-10T16:30:37.743963+00:00 DEBUG 'ansible_navigator.main' idna==2.10 /usr/lib/python3.9/site-packages
2024-06-10T16:30:37.743982+00:00 DEBUG 'ansible_navigator.main' importlib-metadata==4.10.1 /usr/lib/python3.9/site-packages
2024-06-10T16:30:37.744000+00:00 DEBUG 'ansible_navigator.main' jinja2==3.0.3 /usr/lib/python3.9/site-packages
2024-06-10T16:30:37.744019+00:00 DEBUG 'ansible_navigator.main' jsonschema==4.6.0 /usr/lib/python3.9/site-packages
2024-06-10T16:30:37.744038+00:00 DEBUG 'ansible_navigator.main' lockfile==0.12.2 /usr/lib/python3.9/site-packages
2024-06-10T16:30:37.744056+00:00 DEBUG 'ansible_navigator.main' markupsafe==2.1.0 /usr/lib64/python3.9/site-packages
2024-06-10T16:30:37.744075+00:00 DEBUG 'ansible_navigator.main' onigurumacffi==1.1.0 /usr/lib64/python3.9/site-packages
2024-06-10T16:30:37.744094+00:00 DEBUG 'ansible_navigator.main' packaging==21.3 /usr/lib/python3.9/site-packages
2024-06-10T16:30:37.744112+00:00 DEBUG 'ansible_navigator.main' parsley==1.3 /usr/lib/python3.9/site-packages
2024-06-10T16:30:37.744131+00:00 DEBUG 'ansible_navigator.main' pbr==5.8.1 /usr/lib/python3.9/site-packages
2024-06-10T16:30:37.744149+00:00 DEBUG 'ansible_navigator.main' pexpect==4.8.0 /usr/lib/python3.9/site-packages
2024-06-10T16:30:37.744167+00:00 DEBUG 'ansible_navigator.main' pip==20.2.4 /usr/lib/python3.9/site-packages
2024-06-10T16:30:37.744186+00:00 DEBUG 'ansible_navigator.main' ply==3.11 /usr/lib/python3.9/site-packages
2024-06-10T16:30:37.744204+00:00 DEBUG 'ansible_navigator.main' ptyprocess==0.6.0 /usr/lib/python3.9/site-packages
2024-06-10T16:30:37.744229+00:00 DEBUG 'ansible_navigator.main' pycparser==2.20 /usr/lib/python3.9/site-packages
2024-06-10T16:30:37.744285+00:00 DEBUG 'ansible_navigator.main' pyparsing==2.4.7 /usr/lib/python3.9/site-packages
2024-06-10T16:30:37.744319+00:00 DEBUG 'ansible_navigator.main' pyrsistent==0.18.1 /usr/lib64/python3.9/site-packages
2024-06-10T16:30:37.744338+00:00 DEBUG 'ansible_navigator.main' python-daemon==2.3.0 /usr/lib/python3.9/site-packages
2024-06-10T16:30:37.744356+00:00 DEBUG 'ansible_navigator.main' pyyaml==5.4.1 /usr/lib64/python3.9/site-packages
2024-06-10T16:30:37.744375+00:00 DEBUG 'ansible_navigator.main' requirements-parser==0.2.0 /usr/lib/python3.9/site-packages
2024-06-10T16:30:37.744393+00:00 DEBUG 'ansible_navigator.main' resolvelib==0.5.4 /usr/lib/python3.9/site-packages
2024-06-10T16:30:37.744413+00:00 DEBUG 'ansible_navigator.main' setuptools==50.3.2 /usr/lib/python3.9/site-packages
2024-06-10T16:30:37.744444+00:00 DEBUG 'ansible_navigator.main' six==1.15.0 /usr/lib/python3.9/site-packages
2024-06-10T16:30:37.744465+00:00 DEBUG 'ansible_navigator.main' typing-extensions==3.10.0.2 /usr/lib/python3.9/site-packages
2024-06-10T16:30:37.744484+00:00 DEBUG 'ansible_navigator.main' zipp==3.4.0 /usr/lib/python3.9/site-packages
2024-06-10T16:30:37.744503+00:00 DEBUG 'ansible_navigator.main' Share directory '/usr/lib/python3.9/share/ansible_navigator' not found (development path)
2024-06-10T16:30:37.744521+00:00 DEBUG 'ansible_navigator.main' Share directory '/home/student/.local/share/ansible_navigator' not found (userbase)
2024-06-10T16:30:37.744540+00:00 DEBUG 'ansible_navigator.main' Share directory '/usr/share/ansible_navigator' found (sys.prefix)
2024-06-10T16:30:37.744559+00:00 DEBUG 'ansible_navigator.main' Default collection_doc_cache_path set to: /home/student/.cache/ansible-navigator/collection_doc_cache.db
2024-06-10T16:30:37.744578+00:00 DEBUG 'ansible_navigator.main' EDITOR environment variable not set
2024-06-10T16:30:37.744596+00:00 DEBUG 'ansible_navigator.main' Default editor_command set to: vi +{line_number} {filename}
2024-06-10T16:30:37.744615+00:00 DEBUG 'ansible_navigator.main' No config file set by ANSIBLE_NAVIGATOR_CONFIG
2024-06-10T16:30:37.744633+00:00 DEBUG 'ansible_navigator.main' Looking in /home/student
2024-06-10T16:30:37.744651+00:00 DEBUG 'ansible_navigator.main' Looking for '/home/student/.ansible-navigator.yml', '/home/student/.ansible-navigator.yaml' and '/home/student/.ansible-navigator.json'
2024-06-10T16:30:37.744670+00:00 DEBUG 'ansible_navigator.main' Found 0: 
2024-06-10T16:30:37.744689+00:00 DEBUG 'ansible_navigator.main' Looking in /home/student/Github/vimrc
2024-06-10T16:30:37.744707+00:00 DEBUG 'ansible_navigator.main' Looking for '/home/student/Github/vimrc/ansible-navigator.yml', '/home/student/Github/vimrc/ansible-navigator.yaml' and '/home/student/Github/vimrc/ansible-navigator.json'
2024-06-10T16:30:37.744726+00:00 DEBUG 'ansible_navigator.main' Found 1: '/home/student/Github/vimrc/ansible-navigator.yml'
2024-06-10T16:30:37.744745+00:00 DEBUG 'ansible_navigator.main' All found 1: '/home/student/Github/vimrc/ansible-navigator.yml'
2024-06-10T16:30:37.744763+00:00 DEBUG 'ansible_navigator.main' Using: /home/student/Github/vimrc/ansible-navigator.yml
2024-06-10T16:30:37.744781+00:00 DEBUG 'ansible_navigator.main' Using settings file at /home/student/Github/vimrc/ansible-navigator.yml in search path
2024-06-10T16:30:37.744799+00:00 DEBUG 'ansible_navigator.main' Command provided: 'run VIMRC_Setup_AAP.yml'
2024-06-10T16:30:37.744819+00:00 WARNING 'ansible_navigator.main' Configuration errors encountered, rolling back to previous configuration.
2024-06-10T16:30:37.744838+00:00 DEBUG 'ansible_navigator.main' Prior to rollback: ansible_runner_artifact_dir = 'Not set' (Constants/Not set)
2024-06-10T16:30:37.744856+00:00 DEBUG 'ansible_navigator.main' Prior to rollback: ansible_runner_rotate_artifacts_count = 'Not set' (Constants/Not set)
2024-06-10T16:30:37.744946+00:00 DEBUG 'ansible_navigator.main' Prior to rollback: ansible_runner_timeout = 'Not set' (Constants/Not set)
2024-06-10T16:30:37.744966+00:00 DEBUG 'ansible_navigator.main' Prior to rollback: app = 'run' (str/Command line)
2024-06-10T16:30:37.744989+00:00 DEBUG 'ansible_navigator.main' Prior to rollback: cmdline = 'Not set' (Constants/Not set)
2024-06-10T16:30:37.745008+00:00 DEBUG 'ansible_navigator.main' Prior to rollback: collection_doc_cache_path = '/home/student/.cache/ansible-navigator/collection_doc_cache.db' (str/Defaults)
2024-06-10T16:30:37.745027+00:00 DEBUG 'ansible_navigator.main' Prior to rollback: config = 'Not set' (Constants/Not set)
2024-06-10T16:30:37.745045+00:00 DEBUG 'ansible_navigator.main' Prior to rollback: container_engine = 'auto' (str/Defaults)
2024-06-10T16:30:37.745063+00:00 DEBUG 'ansible_navigator.main' Prior to rollback: container_options = 'Not set' (Constants/Not set)
2024-06-10T16:30:37.745082+00:00 DEBUG 'ansible_navigator.main' Prior to rollback: display_color = 'True' (bool/Defaults)
2024-06-10T16:30:37.745100+00:00 DEBUG 'ansible_navigator.main' Prior to rollback: editor_command = 'vi +{line_number} {filename}' (str/Defaults)
2024-06-10T16:30:37.745118+00:00 DEBUG 'ansible_navigator.main' Prior to rollback: editor_console = 'True' (bool/Defaults)
2024-06-10T16:30:37.745137+00:00 DEBUG 'ansible_navigator.main' Prior to rollback: exec_command = '/bin/bash' (str/Defaults)
2024-06-10T16:30:37.745155+00:00 DEBUG 'ansible_navigator.main' Prior to rollback: exec_shell = 'True' (bool/Defaults)
2024-06-10T16:30:37.745173+00:00 DEBUG 'ansible_navigator.main' Prior to rollback: execution_environment = 'True' (bool/Defaults)
2024-06-10T16:30:37.745191+00:00 DEBUG 'ansible_navigator.main' Prior to rollback: execution_environment_image = 'registry.redhat.io/ansible-automation-platform-22/ee-supported-rhel8:latest' (str/Defaults)
2024-06-10T16:30:37.745210+00:00 DEBUG 'ansible_navigator.main' Prior to rollback: execution_environment_volume_mounts = 'Not set' (Constants/Not set)
2024-06-10T16:30:37.745233+00:00 DEBUG 'ansible_navigator.main' Prior to rollback: help_builder = 'False' (bool/Defaults)
2024-06-10T16:30:37.745275+00:00 DEBUG 'ansible_navigator.main' Prior to rollback: help_config = 'False' (bool/Defaults)
2024-06-10T16:30:37.745307+00:00 DEBUG 'ansible_navigator.main' Prior to rollback: help_doc = 'False' (bool/Defaults)
2024-06-10T16:30:37.745326+00:00 DEBUG 'ansible_navigator.main' Prior to rollback: help_inventory = 'False' (bool/Defaults)
2024-06-10T16:30:37.745344+00:00 DEBUG 'ansible_navigator.main' Prior to rollback: help_playbook = 'False' (bool/Defaults)
2024-06-10T16:30:37.745362+00:00 DEBUG 'ansible_navigator.main' Prior to rollback: images_details = '['everything']' (list/Defaults)
2024-06-10T16:30:37.745381+00:00 DEBUG 'ansible_navigator.main' Prior to rollback: inventory = 'Not set' (Constants/Not set)
2024-06-10T16:30:37.745398+00:00 DEBUG 'ansible_navigator.main' Prior to rollback: inventory_column = 'Not set' (Constants/Not set)
2024-06-10T16:30:37.745416+00:00 DEBUG 'ansible_navigator.main' Prior to rollback: lint_config = 'Not set' (Constants/Not set)
2024-06-10T16:30:37.745446+00:00 DEBUG 'ansible_navigator.main' Prior to rollback: lintables = 'Not set' (Constants/Not set)
2024-06-10T16:30:37.745467+00:00 DEBUG 'ansible_navigator.main' Prior to rollback: log_append = 'True' (bool/Defaults)
2024-06-10T16:30:37.745485+00:00 DEBUG 'ansible_navigator.main' Prior to rollback: log_file = '/home/student/Github/vimrc/ansible-navigator.log' (str/Defaults)
2024-06-10T16:30:37.745504+00:00 DEBUG 'ansible_navigator.main' Prior to rollback: log_level = 'warning' (str/Defaults)
2024-06-10T16:30:37.745523+00:00 DEBUG 'ansible_navigator.main' Prior to rollback: mode = 'interactive' (str/Defaults)
2024-06-10T16:30:37.745541+00:00 DEBUG 'ansible_navigator.main' Prior to rollback: osc4 = 'True' (bool/Defaults)
2024-06-10T16:30:37.745559+00:00 DEBUG 'ansible_navigator.main' Prior to rollback: pass_environment_variable = 'Not set' (Constants/Not set)
2024-06-10T16:30:37.745578+00:00 DEBUG 'ansible_navigator.main' Prior to rollback: playbook = 'VIMRC_Setup_AAP.yml' (str/Command line)
2024-06-10T16:30:37.745596+00:00 DEBUG 'ansible_navigator.main' Prior to rollback: playbook_artifact_enable = 'True' (bool/Defaults)
2024-06-10T16:30:37.745618+00:00 DEBUG 'ansible_navigator.main' Prior to rollback: playbook_artifact_replay = 'Not set' (Constants/Not set)
2024-06-10T16:30:37.745637+00:00 DEBUG 'ansible_navigator.main' Prior to rollback: playbook_artifact_save_as = '{playbook_dir}/{playbook_name}-artifact-{time_stamp}.json' (str/Defaults)
2024-06-10T16:30:37.745656+00:00 DEBUG 'ansible_navigator.main' Prior to rollback: plugin_name = 'Not set' (Constants/Not set)
2024-06-10T16:30:37.745674+00:00 DEBUG 'ansible_navigator.main' Prior to rollback: plugin_type = 'module' (str/Defaults)
2024-06-10T16:30:37.745693+00:00 DEBUG 'ansible_navigator.main' Prior to rollback: pull_arguments = 'Not set' (Constants/Not set)
2024-06-10T16:30:37.745711+00:00 DEBUG 'ansible_navigator.main' Prior to rollback: pull_policy = 'tag' (str/Defaults)
2024-06-10T16:30:37.745728+00:00 DEBUG 'ansible_navigator.main' Prior to rollback: set_environment_variable = 'Not set' (Constants/Not set)
2024-06-10T16:30:37.745747+00:00 DEBUG 'ansible_navigator.main' Prior to rollback: settings_effective = 'False' (bool/Defaults)
2024-06-10T16:30:37.745765+00:00 DEBUG 'ansible_navigator.main' Prior to rollback: settings_sample = 'False' (bool/Defaults)
2024-06-10T16:30:37.745783+00:00 DEBUG 'ansible_navigator.main' Prior to rollback: settings_schema = 'json' (str/Defaults)
2024-06-10T16:30:37.745801+00:00 DEBUG 'ansible_navigator.main' Prior to rollback: settings_sources = 'False' (bool/Defaults)
2024-06-10T16:30:37.745819+00:00 DEBUG 'ansible_navigator.main' Prior to rollback: time_zone = 'UTC' (str/Defaults)
2024-06-10T16:30:37.745836+00:00 DEBUG 'ansible_navigator.main' Prior to rollback: workdir = '/home/student/Github/vimrc' (str/Defaults)
2024-06-10T16:30:37.745855+00:00 DEBUG 'ansible_navigator.main' After rollback: ansible_runner_artifact_dir = 'Not set' (Constants/Not set)
2024-06-10T16:30:37.745872+00:00 DEBUG 'ansible_navigator.main' After rollback: ansible_runner_rotate_artifacts_count = 'Not set' (Constants/Not set)
2024-06-10T16:30:37.745891+00:00 DEBUG 'ansible_navigator.main' After rollback: ansible_runner_timeout = 'Not set' (Constants/Not set)
2024-06-10T16:30:37.745908+00:00 DEBUG 'ansible_navigator.main' After rollback: app = 'Not set' (Constants/Not set)
2024-06-10T16:30:37.745926+00:00 DEBUG 'ansible_navigator.main' After rollback: cmdline = 'Not set' (Constants/Not set)
2024-06-10T16:30:37.745944+00:00 DEBUG 'ansible_navigator.main' After rollback: collection_doc_cache_path = 'Not set' (Constants/Not set)
2024-06-10T16:30:37.745962+00:00 DEBUG 'ansible_navigator.main' After rollback: config = 'Not set' (Constants/Not set)
2024-06-10T16:30:37.745981+00:00 DEBUG 'ansible_navigator.main' After rollback: container_engine = 'Not set' (Constants/Not set)
2024-06-10T16:30:37.745999+00:00 DEBUG 'ansible_navigator.main' After rollback: container_options = 'Not set' (Constants/Not set)
2024-06-10T16:30:37.746017+00:00 DEBUG 'ansible_navigator.main' After rollback: display_color = 'Not set' (Constants/Not set)
2024-06-10T16:30:37.746035+00:00 DEBUG 'ansible_navigator.main' After rollback: editor_command = 'Not set' (Constants/Not set)
2024-06-10T16:30:37.746053+00:00 DEBUG 'ansible_navigator.main' After rollback: editor_console = 'Not set' (Constants/Not set)
2024-06-10T16:30:37.746071+00:00 DEBUG 'ansible_navigator.main' After rollback: exec_command = 'Not set' (Constants/Not set)
2024-06-10T16:30:37.746089+00:00 DEBUG 'ansible_navigator.main' After rollback: exec_shell = 'Not set' (Constants/Not set)
2024-06-10T16:30:37.746107+00:00 DEBUG 'ansible_navigator.main' After rollback: execution_environment = 'Not set' (Constants/Not set)
2024-06-10T16:30:37.746125+00:00 DEBUG 'ansible_navigator.main' After rollback: execution_environment_image = 'Not set' (Constants/Not set)
2024-06-10T16:30:37.746143+00:00 DEBUG 'ansible_navigator.main' After rollback: execution_environment_volume_mounts = 'Not set' (Constants/Not set)
2024-06-10T16:30:37.746161+00:00 DEBUG 'ansible_navigator.main' After rollback: help_builder = 'Not set' (Constants/Not set)
2024-06-10T16:30:37.746182+00:00 DEBUG 'ansible_navigator.main' After rollback: help_config = 'Not set' (Constants/Not set)
2024-06-10T16:30:37.746201+00:00 DEBUG 'ansible_navigator.main' After rollback: help_doc = 'Not set' (Constants/Not set)
2024-06-10T16:30:37.746219+00:00 DEBUG 'ansible_navigator.main' After rollback: help_inventory = 'Not set' (Constants/Not set)
2024-06-10T16:30:37.746268+00:00 DEBUG 'ansible_navigator.main' After rollback: help_playbook = 'Not set' (Constants/Not set)
2024-06-10T16:30:37.746315+00:00 DEBUG 'ansible_navigator.main' After rollback: images_details = 'Not set' (Constants/Not set)
2024-06-10T16:30:37.746334+00:00 DEBUG 'ansible_navigator.main' After rollback: inventory = 'Not set' (Constants/Not set)
2024-06-10T16:30:37.746353+00:00 DEBUG 'ansible_navigator.main' After rollback: inventory_column = 'Not set' (Constants/Not set)
2024-06-10T16:30:37.746371+00:00 DEBUG 'ansible_navigator.main' After rollback: lint_config = 'Not set' (Constants/Not set)
2024-06-10T16:30:37.746389+00:00 DEBUG 'ansible_navigator.main' After rollback: lintables = 'Not set' (Constants/Not set)
2024-06-10T16:30:37.746408+00:00 DEBUG 'ansible_navigator.main' After rollback: log_append = 'Not set' (Constants/Not set)
2024-06-10T16:30:37.746426+00:00 DEBUG 'ansible_navigator.main' After rollback: log_file = 'Not set' (Constants/Not set)
2024-06-10T16:30:37.746453+00:00 DEBUG 'ansible_navigator.main' After rollback: log_level = 'Not set' (Constants/Not set)
2024-06-10T16:30:37.746474+00:00 DEBUG 'ansible_navigator.main' After rollback: mode = 'Not set' (Constants/Not set)
2024-06-10T16:30:37.746492+00:00 DEBUG 'ansible_navigator.main' After rollback: osc4 = 'Not set' (Constants/Not set)
2024-06-10T16:30:37.746510+00:00 DEBUG 'ansible_navigator.main' After rollback: pass_environment_variable = 'Not set' (Constants/Not set)
2024-06-10T16:30:37.746528+00:00 DEBUG 'ansible_navigator.main' After rollback: playbook = 'Not set' (Constants/Not set)
2024-06-10T16:30:37.746547+00:00 DEBUG 'ansible_navigator.main' After rollback: playbook_artifact_enable = 'Not set' (Constants/Not set)
2024-06-10T16:30:37.746564+00:00 DEBUG 'ansible_navigator.main' After rollback: playbook_artifact_replay = 'Not set' (Constants/Not set)
2024-06-10T16:30:37.746583+00:00 DEBUG 'ansible_navigator.main' After rollback: playbook_artifact_save_as = 'Not set' (Constants/Not set)
2024-06-10T16:30:37.746601+00:00 DEBUG 'ansible_navigator.main' After rollback: plugin_name = 'Not set' (Constants/Not set)
2024-06-10T16:30:37.746619+00:00 DEBUG 'ansible_navigator.main' After rollback: plugin_type = 'Not set' (Constants/Not set)
2024-06-10T16:30:37.746637+00:00 DEBUG 'ansible_navigator.main' After rollback: pull_arguments = 'Not set' (Constants/Not set)
2024-06-10T16:30:37.746655+00:00 DEBUG 'ansible_navigator.main' After rollback: pull_policy = 'Not set' (Constants/Not set)
2024-06-10T16:30:37.746674+00:00 DEBUG 'ansible_navigator.main' After rollback: set_environment_variable = 'Not set' (Constants/Not set)
2024-06-10T16:30:37.746692+00:00 DEBUG 'ansible_navigator.main' After rollback: settings_effective = 'Not set' (Constants/Not set)
2024-06-10T16:30:37.746710+00:00 DEBUG 'ansible_navigator.main' After rollback: settings_sample = 'Not set' (Constants/Not set)
2024-06-10T16:30:37.746729+00:00 DEBUG 'ansible_navigator.main' After rollback: settings_schema = 'Not set' (Constants/Not set)
2024-06-10T16:30:37.746747+00:00 DEBUG 'ansible_navigator.main' After rollback: settings_sources = 'Not set' (Constants/Not set)
2024-06-10T16:30:37.746765+00:00 DEBUG 'ansible_navigator.main' After rollback: time_zone = 'Not set' (Constants/Not set)
2024-06-10T16:30:37.746783+00:00 DEBUG 'ansible_navigator.main' After rollback: workdir = 'Not set' (Constants/Not set)
2024-06-10T16:30:37.746801+00:00 DEBUG 'ansible_navigator.main' Configuration rollback complete.
2024-06-10T16:30:37.746819+00:00 DEBUG 'ansible_navigator.main' Collection doc cache not mounted
2024-06-10T16:30:37.746847+00:00 WARNING 'ansible_navigator.main' Issues were found while applying the settings.
2024-06-10T16:30:37.746871+00:00 INFO 'ansible_navigator.main' Command provided: 'run VIMRC_Setup_AAP.yml'
2024-06-10T16:30:37.746896+00:00 ERROR 'ansible_navigator.main' The following errors were found in the settings file (/home/student/Github/vimrc/ansible-navigator.yml):
2024-06-10T16:30:37.746917+00:00 ERROR 'ansible_navigator.main' In 'ansible-navigator.execution-environment.image': None is not of type 'string'.
2024-06-10T16:30:37.746937+00:00 INFO 'ansible_navigator.main' Check the settings file and compare it to the current version.
2024-06-10T16:30:37.746958+00:00 INFO 'ansible_navigator.main' The current version can be found here: (https://ansible-navigator.readthedocs.io/en/latest/settings/#ansible-navigator-settings)
2024-06-10T16:30:37.746979+00:00 INFO 'ansible_navigator.main' The schema used for validation can be seen with 'ansible-navigator settings --schema'
2024-06-10T16:30:37.746999+00:00 INFO 'ansible_navigator.main' A sample settings file can be created with 'ansible-navigator settings --sample'
2024-06-10T16:30:37.747020+00:00 INFO 'ansible_navigator.main' Configuration failed, using default log file location. (/home/student/Github/vimrc/ansible-navigator.log) Log level set to debug
2024-06-10T16:30:37.747040+00:00 INFO 'ansible_navigator.main' Review the hints and log file to see what went wrong.
2024-06-10T16:30:52.943569+00:00 INFO 'ansible_navigator.setup_logger' New ansible-navigator instance, logging initialized
2024-06-10T16:30:52.943737+00:00 INFO 'ansible_navigator.setup_logger' New ansible-runner instance, logging initialized
2024-06-10T16:30:52.943773+00:00 DEBUG 'ansible_navigator.main' ansible-builder==1.1.0 /usr/lib/python3.9/site-packages
2024-06-10T16:30:52.943797+00:00 DEBUG 'ansible_navigator.main' ansible-core==2.13.4 /usr/lib/python3.9/site-packages
2024-06-10T16:30:52.943818+00:00 DEBUG 'ansible_navigator.main' ansible-navigator==2.1.0 /usr/lib/python3.9/site-packages
2024-06-10T16:30:52.943838+00:00 DEBUG 'ansible_navigator.main' ansible-runner==2.2.1 /usr/lib/python3.9/site-packages
2024-06-10T16:30:52.943857+00:00 DEBUG 'ansible_navigator.main' attrs==21.4.0 /usr/lib/python3.9/site-packages
2024-06-10T16:30:52.943876+00:00 DEBUG 'ansible_navigator.main' bindep==2.10.2 /usr/lib/python3.9/site-packages
2024-06-10T16:30:52.943894+00:00 DEBUG 'ansible_navigator.main' cffi==1.14.3 /usr/lib64/python3.9/site-packages
2024-06-10T16:30:52.943912+00:00 DEBUG 'ansible_navigator.main' cryptography==3.3.1 /usr/lib64/python3.9/site-packages
2024-06-10T16:30:52.943930+00:00 DEBUG 'ansible_navigator.main' distro==1.6.0 /usr/lib/python3.9/site-packages
2024-06-10T16:30:52.943949+00:00 DEBUG 'ansible_navigator.main' docutils==0.16 /usr/lib/python3.9/site-packages
2024-06-10T16:30:52.943967+00:00 DEBUG 'ansible_navigator.main' idna==2.10 /usr/lib/python3.9/site-packages
2024-06-10T16:30:52.943985+00:00 DEBUG 'ansible_navigator.main' importlib-metadata==4.10.1 /usr/lib/python3.9/site-packages
2024-06-10T16:30:52.944003+00:00 DEBUG 'ansible_navigator.main' jinja2==3.0.3 /usr/lib/python3.9/site-packages
2024-06-10T16:30:52.944032+00:00 DEBUG 'ansible_navigator.main' jsonschema==4.6.0 /usr/lib/python3.9/site-packages
2024-06-10T16:30:52.944056+00:00 DEBUG 'ansible_navigator.main' lockfile==0.12.2 /usr/lib/python3.9/site-packages
2024-06-10T16:30:52.944074+00:00 DEBUG 'ansible_navigator.main' markupsafe==2.1.0 /usr/lib64/python3.9/site-packages
2024-06-10T16:30:52.944093+00:00 DEBUG 'ansible_navigator.main' onigurumacffi==1.1.0 /usr/lib64/python3.9/site-packages
2024-06-10T16:30:52.944111+00:00 DEBUG 'ansible_navigator.main' packaging==21.3 /usr/lib/python3.9/site-packages
2024-06-10T16:30:52.944128+00:00 DEBUG 'ansible_navigator.main' parsley==1.3 /usr/lib/python3.9/site-packages
2024-06-10T16:30:52.944146+00:00 DEBUG 'ansible_navigator.main' pbr==5.8.1 /usr/lib/python3.9/site-packages
2024-06-10T16:30:52.944164+00:00 DEBUG 'ansible_navigator.main' pexpect==4.8.0 /usr/lib/python3.9/site-packages
2024-06-10T16:30:52.944182+00:00 DEBUG 'ansible_navigator.main' pip==20.2.4 /usr/lib/python3.9/site-packages
2024-06-10T16:30:52.944206+00:00 DEBUG 'ansible_navigator.main' ply==3.11 /usr/lib/python3.9/site-packages
2024-06-10T16:30:52.944232+00:00 DEBUG 'ansible_navigator.main' ptyprocess==0.6.0 /usr/lib/python3.9/site-packages
2024-06-10T16:30:52.944277+00:00 DEBUG 'ansible_navigator.main' pycparser==2.20 /usr/lib/python3.9/site-packages
2024-06-10T16:30:52.944311+00:00 DEBUG 'ansible_navigator.main' pyparsing==2.4.7 /usr/lib/python3.9/site-packages
2024-06-10T16:30:52.944330+00:00 DEBUG 'ansible_navigator.main' pyrsistent==0.18.1 /usr/lib64/python3.9/site-packages
2024-06-10T16:30:52.944347+00:00 DEBUG 'ansible_navigator.main' python-daemon==2.3.0 /usr/lib/python3.9/site-packages
2024-06-10T16:30:52.944365+00:00 DEBUG 'ansible_navigator.main' pyyaml==5.4.1 /usr/lib64/python3.9/site-packages
2024-06-10T16:30:52.944383+00:00 DEBUG 'ansible_navigator.main' requirements-parser==0.2.0 /usr/lib/python3.9/site-packages
2024-06-10T16:30:52.944400+00:00 DEBUG 'ansible_navigator.main' resolvelib==0.5.4 /usr/lib/python3.9/site-packages
2024-06-10T16:30:52.944418+00:00 DEBUG 'ansible_navigator.main' setuptools==50.3.2 /usr/lib/python3.9/site-packages
2024-06-10T16:30:52.944447+00:00 DEBUG 'ansible_navigator.main' six==1.15.0 /usr/lib/python3.9/site-packages
2024-06-10T16:30:52.944467+00:00 DEBUG 'ansible_navigator.main' typing-extensions==3.10.0.2 /usr/lib/python3.9/site-packages
2024-06-10T16:30:52.944484+00:00 DEBUG 'ansible_navigator.main' zipp==3.4.0 /usr/lib/python3.9/site-packages
2024-06-10T16:30:52.944503+00:00 DEBUG 'ansible_navigator.main' Share directory '/usr/lib/python3.9/share/ansible_navigator' not found (development path)
2024-06-10T16:30:52.944520+00:00 DEBUG 'ansible_navigator.main' Share directory '/home/student/.local/share/ansible_navigator' not found (userbase)
2024-06-10T16:30:52.944538+00:00 DEBUG 'ansible_navigator.main' Share directory '/usr/share/ansible_navigator' found (sys.prefix)
2024-06-10T16:30:52.944556+00:00 DEBUG 'ansible_navigator.main' Default collection_doc_cache_path set to: /home/student/.cache/ansible-navigator/collection_doc_cache.db
2024-06-10T16:30:52.944574+00:00 DEBUG 'ansible_navigator.main' EDITOR environment variable not set
2024-06-10T16:30:52.944592+00:00 DEBUG 'ansible_navigator.main' Default editor_command set to: vi +{line_number} {filename}
2024-06-10T16:30:52.944610+00:00 DEBUG 'ansible_navigator.main' No config file set by ANSIBLE_NAVIGATOR_CONFIG
2024-06-10T16:30:52.944628+00:00 DEBUG 'ansible_navigator.main' Looking in /home/student
2024-06-10T16:30:52.944646+00:00 DEBUG 'ansible_navigator.main' Looking for '/home/student/.ansible-navigator.yml', '/home/student/.ansible-navigator.yaml' and '/home/student/.ansible-navigator.json'
2024-06-10T16:30:52.944664+00:00 DEBUG 'ansible_navigator.main' Found 0: 
2024-06-10T16:30:52.944682+00:00 DEBUG 'ansible_navigator.main' Looking in /home/student/Github/vimrc
2024-06-10T16:30:52.944700+00:00 DEBUG 'ansible_navigator.main' Looking for '/home/student/Github/vimrc/ansible-navigator.yml', '/home/student/Github/vimrc/ansible-navigator.yaml' and '/home/student/Github/vimrc/ansible-navigator.json'
2024-06-10T16:30:52.944718+00:00 DEBUG 'ansible_navigator.main' Found 1: '/home/student/Github/vimrc/ansible-navigator.yml'
2024-06-10T16:30:52.944736+00:00 DEBUG 'ansible_navigator.main' All found 1: '/home/student/Github/vimrc/ansible-navigator.yml'
2024-06-10T16:30:52.944753+00:00 DEBUG 'ansible_navigator.main' Using: /home/student/Github/vimrc/ansible-navigator.yml
2024-06-10T16:30:52.944771+00:00 DEBUG 'ansible_navigator.main' Using settings file at /home/student/Github/vimrc/ansible-navigator.yml in search path
2024-06-10T16:30:52.944789+00:00 DEBUG 'ansible_navigator.main' Command provided: 'run VIMRC_Setup_AAP.yml'
2024-06-10T16:30:52.944809+00:00 WARNING 'ansible_navigator.main' Configuration errors encountered, rolling back to previous configuration.
2024-06-10T16:30:52.944827+00:00 DEBUG 'ansible_navigator.main' Prior to rollback: ansible_runner_artifact_dir = 'Not set' (Constants/Not set)
2024-06-10T16:30:52.944848+00:00 DEBUG 'ansible_navigator.main' Prior to rollback: ansible_runner_rotate_artifacts_count = 'Not set' (Constants/Not set)
2024-06-10T16:30:52.944867+00:00 DEBUG 'ansible_navigator.main' Prior to rollback: ansible_runner_timeout = 'Not set' (Constants/Not set)
2024-06-10T16:30:52.944885+00:00 DEBUG 'ansible_navigator.main' Prior to rollback: app = 'run' (str/Command line)
2024-06-10T16:30:52.944902+00:00 DEBUG 'ansible_navigator.main' Prior to rollback: cmdline = 'Not set' (Constants/Not set)
2024-06-10T16:30:52.944920+00:00 DEBUG 'ansible_navigator.main' Prior to rollback: collection_doc_cache_path = '/home/student/.cache/ansible-navigator/collection_doc_cache.db' (str/Defaults)
2024-06-10T16:30:52.944938+00:00 DEBUG 'ansible_navigator.main' Prior to rollback: config = 'Not set' (Constants/Not set)
2024-06-10T16:30:52.944956+00:00 DEBUG 'ansible_navigator.main' Prior to rollback: container_engine = 'auto' (str/Defaults)
2024-06-10T16:30:52.944973+00:00 DEBUG 'ansible_navigator.main' Prior to rollback: container_options = 'Not set' (Constants/Not set)
2024-06-10T16:30:52.944991+00:00 DEBUG 'ansible_navigator.main' Prior to rollback: display_color = 'True' (bool/Defaults)
2024-06-10T16:30:52.945009+00:00 DEBUG 'ansible_navigator.main' Prior to rollback: editor_command = 'vi +{line_number} {filename}' (str/Defaults)
2024-06-10T16:30:52.945041+00:00 DEBUG 'ansible_navigator.main' Prior to rollback: editor_console = 'True' (bool/Defaults)
2024-06-10T16:30:52.945071+00:00 DEBUG 'ansible_navigator.main' Prior to rollback: exec_command = '/bin/bash' (str/Defaults)
2024-06-10T16:30:52.945091+00:00 DEBUG 'ansible_navigator.main' Prior to rollback: exec_shell = 'True' (bool/Defaults)
2024-06-10T16:30:52.945108+00:00 DEBUG 'ansible_navigator.main' Prior to rollback: execution_environment = 'True' (bool/Defaults)
2024-06-10T16:30:52.945127+00:00 DEBUG 'ansible_navigator.main' Prior to rollback: execution_environment_image = 'registry.redhat.io/ansible-automation-platform-22/ee-supported-rhel8:latest' (str/Defaults)
2024-06-10T16:30:52.945144+00:00 DEBUG 'ansible_navigator.main' Prior to rollback: execution_environment_volume_mounts = 'Not set' (Constants/Not set)
2024-06-10T16:30:52.945162+00:00 DEBUG 'ansible_navigator.main' Prior to rollback: help_builder = 'False' (bool/Defaults)
2024-06-10T16:30:52.945180+00:00 DEBUG 'ansible_navigator.main' Prior to rollback: help_config = 'False' (bool/Defaults)
2024-06-10T16:30:52.945197+00:00 DEBUG 'ansible_navigator.main' Prior to rollback: help_doc = 'False' (bool/Defaults)
2024-06-10T16:30:52.945215+00:00 DEBUG 'ansible_navigator.main' Prior to rollback: help_inventory = 'False' (bool/Defaults)
2024-06-10T16:30:52.945261+00:00 DEBUG 'ansible_navigator.main' Prior to rollback: help_playbook = 'False' (bool/Defaults)
2024-06-10T16:30:52.945281+00:00 DEBUG 'ansible_navigator.main' Prior to rollback: images_details = '['everything']' (list/Defaults)
2024-06-10T16:30:52.945312+00:00 DEBUG 'ansible_navigator.main' Prior to rollback: inventory = 'Not set' (Constants/Not set)
2024-06-10T16:30:52.945330+00:00 DEBUG 'ansible_navigator.main' Prior to rollback: inventory_column = 'Not set' (Constants/Not set)
2024-06-10T16:30:52.945347+00:00 DEBUG 'ansible_navigator.main' Prior to rollback: lint_config = 'Not set' (Constants/Not set)
2024-06-10T16:30:52.945365+00:00 DEBUG 'ansible_navigator.main' Prior to rollback: lintables = 'Not set' (Constants/Not set)
2024-06-10T16:30:52.945383+00:00 DEBUG 'ansible_navigator.main' Prior to rollback: log_append = 'True' (bool/Defaults)
2024-06-10T16:30:52.945400+00:00 DEBUG 'ansible_navigator.main' Prior to rollback: log_file = '/home/student/Github/vimrc/ansible-navigator.log' (str/Defaults)
2024-06-10T16:30:52.945418+00:00 DEBUG 'ansible_navigator.main' Prior to rollback: log_level = 'warning' (str/Defaults)
2024-06-10T16:30:52.945445+00:00 DEBUG 'ansible_navigator.main' Prior to rollback: mode = 'interactive' (str/Defaults)
2024-06-10T16:30:52.945464+00:00 DEBUG 'ansible_navigator.main' Prior to rollback: osc4 = 'True' (bool/Defaults)
2024-06-10T16:30:52.945485+00:00 DEBUG 'ansible_navigator.main' Prior to rollback: pass_environment_variable = 'Not set' (Constants/Not set)
2024-06-10T16:30:52.945504+00:00 DEBUG 'ansible_navigator.main' Prior to rollback: playbook = 'VIMRC_Setup_AAP.yml' (str/Command line)
2024-06-10T16:30:52.945521+00:00 DEBUG 'ansible_navigator.main' Prior to rollback: playbook_artifact_enable = 'True' (bool/Defaults)
2024-06-10T16:30:52.945539+00:00 DEBUG 'ansible_navigator.main' Prior to rollback: playbook_artifact_replay = 'Not set' (Constants/Not set)
2024-06-10T16:30:52.945556+00:00 DEBUG 'ansible_navigator.main' Prior to rollback: playbook_artifact_save_as = '{playbook_dir}/{playbook_name}-artifact-{time_stamp}.json' (str/Defaults)
2024-06-10T16:30:52.945574+00:00 DEBUG 'ansible_navigator.main' Prior to rollback: plugin_name = 'Not set' (Constants/Not set)
2024-06-10T16:30:52.945592+00:00 DEBUG 'ansible_navigator.main' Prior to rollback: plugin_type = 'module' (str/Defaults)
2024-06-10T16:30:52.945610+00:00 DEBUG 'ansible_navigator.main' Prior to rollback: pull_arguments = 'Not set' (Constants/Not set)
2024-06-10T16:30:52.945628+00:00 DEBUG 'ansible_navigator.main' Prior to rollback: pull_policy = 'tag' (str/Defaults)
2024-06-10T16:30:52.945646+00:00 DEBUG 'ansible_navigator.main' Prior to rollback: set_environment_variable = 'Not set' (Constants/Not set)
2024-06-10T16:30:52.945664+00:00 DEBUG 'ansible_navigator.main' Prior to rollback: settings_effective = 'False' (bool/Defaults)
2024-06-10T16:30:52.945682+00:00 DEBUG 'ansible_navigator.main' Prior to rollback: settings_sample = 'False' (bool/Defaults)
2024-06-10T16:30:52.945699+00:00 DEBUG 'ansible_navigator.main' Prior to rollback: settings_schema = 'json' (str/Defaults)
2024-06-10T16:30:52.945716+00:00 DEBUG 'ansible_navigator.main' Prior to rollback: settings_sources = 'False' (bool/Defaults)
2024-06-10T16:30:52.945734+00:00 DEBUG 'ansible_navigator.main' Prior to rollback: time_zone = 'UTC' (str/Defaults)
2024-06-10T16:30:52.945752+00:00 DEBUG 'ansible_navigator.main' Prior to rollback: workdir = '/home/student/Github/vimrc' (str/Defaults)
2024-06-10T16:30:52.945769+00:00 DEBUG 'ansible_navigator.main' After rollback: ansible_runner_artifact_dir = 'Not set' (Constants/Not set)
2024-06-10T16:30:52.945787+00:00 DEBUG 'ansible_navigator.main' After rollback: ansible_runner_rotate_artifacts_count = 'Not set' (Constants/Not set)
2024-06-10T16:30:52.945804+00:00 DEBUG 'ansible_navigator.main' After rollback: ansible_runner_timeout = 'Not set' (Constants/Not set)
2024-06-10T16:30:52.945822+00:00 DEBUG 'ansible_navigator.main' After rollback: app = 'Not set' (Constants/Not set)
2024-06-10T16:30:52.945839+00:00 DEBUG 'ansible_navigator.main' After rollback: cmdline = 'Not set' (Constants/Not set)
2024-06-10T16:30:52.945857+00:00 DEBUG 'ansible_navigator.main' After rollback: collection_doc_cache_path = 'Not set' (Constants/Not set)
2024-06-10T16:30:52.945874+00:00 DEBUG 'ansible_navigator.main' After rollback: config = 'Not set' (Constants/Not set)
2024-06-10T16:30:52.945892+00:00 DEBUG 'ansible_navigator.main' After rollback: container_engine = 'Not set' (Constants/Not set)
2024-06-10T16:30:52.945910+00:00 DEBUG 'ansible_navigator.main' After rollback: container_options = 'Not set' (Constants/Not set)
2024-06-10T16:30:52.945928+00:00 DEBUG 'ansible_navigator.main' After rollback: display_color = 'Not set' (Constants/Not set)
2024-06-10T16:30:52.945945+00:00 DEBUG 'ansible_navigator.main' After rollback: editor_command = 'Not set' (Constants/Not set)
2024-06-10T16:30:52.945963+00:00 DEBUG 'ansible_navigator.main' After rollback: editor_console = 'Not set' (Constants/Not set)
2024-06-10T16:30:52.945981+00:00 DEBUG 'ansible_navigator.main' After rollback: exec_command = 'Not set' (Constants/Not set)
2024-06-10T16:30:52.945998+00:00 DEBUG 'ansible_navigator.main' After rollback: exec_shell = 'Not set' (Constants/Not set)
2024-06-10T16:30:52.946016+00:00 DEBUG 'ansible_navigator.main' After rollback: execution_environment = 'Not set' (Constants/Not set)
2024-06-10T16:30:52.946034+00:00 DEBUG 'ansible_navigator.main' After rollback: execution_environment_image = 'Not set' (Constants/Not set)
2024-06-10T16:30:52.946053+00:00 DEBUG 'ansible_navigator.main' After rollback: execution_environment_volume_mounts = 'Not set' (Constants/Not set)
2024-06-10T16:30:52.946071+00:00 DEBUG 'ansible_navigator.main' After rollback: help_builder = 'Not set' (Constants/Not set)
2024-06-10T16:30:52.946089+00:00 DEBUG 'ansible_navigator.main' After rollback: help_config = 'Not set' (Constants/Not set)
2024-06-10T16:30:52.946106+00:00 DEBUG 'ansible_navigator.main' After rollback: help_doc = 'Not set' (Constants/Not set)
2024-06-10T16:30:52.946124+00:00 DEBUG 'ansible_navigator.main' After rollback: help_inventory = 'Not set' (Constants/Not set)
2024-06-10T16:30:52.946141+00:00 DEBUG 'ansible_navigator.main' After rollback: help_playbook = 'Not set' (Constants/Not set)
2024-06-10T16:30:52.946158+00:00 DEBUG 'ansible_navigator.main' After rollback: images_details = 'Not set' (Constants/Not set)
2024-06-10T16:30:52.946176+00:00 DEBUG 'ansible_navigator.main' After rollback: inventory = 'Not set' (Constants/Not set)
2024-06-10T16:30:52.946193+00:00 DEBUG 'ansible_navigator.main' After rollback: inventory_column = 'Not set' (Constants/Not set)
2024-06-10T16:30:52.946211+00:00 DEBUG 'ansible_navigator.main' After rollback: lint_config = 'Not set' (Constants/Not set)
2024-06-10T16:30:52.946234+00:00 DEBUG 'ansible_navigator.main' After rollback: lintables = 'Not set' (Constants/Not set)
2024-06-10T16:30:52.946253+00:00 DEBUG 'ansible_navigator.main' After rollback: log_append = 'Not set' (Constants/Not set)
2024-06-10T16:30:52.946270+00:00 DEBUG 'ansible_navigator.main' After rollback: log_file = 'Not set' (Constants/Not set)
2024-06-10T16:30:52.946288+00:00 DEBUG 'ansible_navigator.main' After rollback: log_level = 'Not set' (Constants/Not set)
2024-06-10T16:30:52.946305+00:00 DEBUG 'ansible_navigator.main' After rollback: mode = 'Not set' (Constants/Not set)
2024-06-10T16:30:52.946322+00:00 DEBUG 'ansible_navigator.main' After rollback: osc4 = 'Not set' (Constants/Not set)
2024-06-10T16:30:52.946340+00:00 DEBUG 'ansible_navigator.main' After rollback: pass_environment_variable = 'Not set' (Constants/Not set)
2024-06-10T16:30:52.946357+00:00 DEBUG 'ansible_navigator.main' After rollback: playbook = 'Not set' (Constants/Not set)
2024-06-10T16:30:52.946375+00:00 DEBUG 'ansible_navigator.main' After rollback: playbook_artifact_enable = 'Not set' (Constants/Not set)
2024-06-10T16:30:52.946398+00:00 DEBUG 'ansible_navigator.main' After rollback: playbook_artifact_replay = 'Not set' (Constants/Not set)
2024-06-10T16:30:52.946419+00:00 DEBUG 'ansible_navigator.main' After rollback: playbook_artifact_save_as = 'Not set' (Constants/Not set)
2024-06-10T16:30:52.946438+00:00 DEBUG 'ansible_navigator.main' After rollback: plugin_name = 'Not set' (Constants/Not set)
2024-06-10T16:30:52.946455+00:00 DEBUG 'ansible_navigator.main' After rollback: plugin_type = 'Not set' (Constants/Not set)
2024-06-10T16:30:52.946473+00:00 DEBUG 'ansible_navigator.main' After rollback: pull_arguments = 'Not set' (Constants/Not set)
2024-06-10T16:30:52.946491+00:00 DEBUG 'ansible_navigator.main' After rollback: pull_policy = 'Not set' (Constants/Not set)
2024-06-10T16:30:52.946508+00:00 DEBUG 'ansible_navigator.main' After rollback: set_environment_variable = 'Not set' (Constants/Not set)
2024-06-10T16:30:52.946526+00:00 DEBUG 'ansible_navigator.main' After rollback: settings_effective = 'Not set' (Constants/Not set)
2024-06-10T16:30:52.946543+00:00 DEBUG 'ansible_navigator.main' After rollback: settings_sample = 'Not set' (Constants/Not set)
2024-06-10T16:30:52.946561+00:00 DEBUG 'ansible_navigator.main' After rollback: settings_schema = 'Not set' (Constants/Not set)
2024-06-10T16:30:52.946579+00:00 DEBUG 'ansible_navigator.main' After rollback: settings_sources = 'Not set' (Constants/Not set)
2024-06-10T16:30:52.946596+00:00 DEBUG 'ansible_navigator.main' After rollback: time_zone = 'Not set' (Constants/Not set)
2024-06-10T16:30:52.946613+00:00 DEBUG 'ansible_navigator.main' After rollback: workdir = 'Not set' (Constants/Not set)
2024-06-10T16:30:52.946635+00:00 DEBUG 'ansible_navigator.main' Configuration rollback complete.
2024-06-10T16:30:52.946654+00:00 DEBUG 'ansible_navigator.main' Collection doc cache not mounted
2024-06-10T16:30:52.946677+00:00 WARNING 'ansible_navigator.main' Issues were found while applying the settings.
2024-06-10T16:30:52.946698+00:00 INFO 'ansible_navigator.main' Command provided: 'run VIMRC_Setup_AAP.yml'
2024-06-10T16:30:52.946720+00:00 ERROR 'ansible_navigator.main' The following errors were found in the settings file (/home/student/Github/vimrc/ansible-navigator.yml):
2024-06-10T16:30:52.946740+00:00 ERROR 'ansible_navigator.main' In 'ansible-navigator.execution-environment.image': None is not of type 'string'.
2024-06-10T16:30:52.946760+00:00 INFO 'ansible_navigator.main' Check the settings file and compare it to the current version.
2024-06-10T16:30:52.946779+00:00 INFO 'ansible_navigator.main' The current version can be found here: (https://ansible-navigator.readthedocs.io/en/latest/settings/#ansible-navigator-settings)
2024-06-10T16:30:52.946799+00:00 INFO 'ansible_navigator.main' The schema used for validation can be seen with 'ansible-navigator settings --schema'
2024-06-10T16:30:52.946818+00:00 INFO 'ansible_navigator.main' A sample settings file can be created with 'ansible-navigator settings --sample'
2024-06-10T16:30:52.946837+00:00 INFO 'ansible_navigator.main' Configuration failed, using default log file location. (/home/student/Github/vimrc/ansible-navigator.log) Log level set to debug
2024-06-10T16:30:52.946857+00:00 INFO 'ansible_navigator.main' Review the hints and log file to see what went wrong.
2024-06-10T17:01:29.194219+00:00 INFO 'ansible_navigator.setup_logger' New ansible-navigator instance, logging initialized
2024-06-10T17:01:29.194396+00:00 INFO 'ansible_navigator.setup_logger' New ansible-runner instance, logging initialized
2024-06-10T17:01:29.194441+00:00 DEBUG 'ansible_navigator.main' ansible-builder==1.1.0 /usr/lib/python3.9/site-packages
2024-06-10T17:01:29.194472+00:00 DEBUG 'ansible_navigator.main' ansible-core==2.13.4 /usr/lib/python3.9/site-packages
2024-06-10T17:01:29.194495+00:00 DEBUG 'ansible_navigator.main' ansible-navigator==2.1.0 /usr/lib/python3.9/site-packages
2024-06-10T17:01:29.194515+00:00 DEBUG 'ansible_navigator.main' ansible-runner==2.2.1 /usr/lib/python3.9/site-packages
2024-06-10T17:01:29.194535+00:00 DEBUG 'ansible_navigator.main' attrs==21.4.0 /usr/lib/python3.9/site-packages
2024-06-10T17:01:29.194554+00:00 DEBUG 'ansible_navigator.main' bindep==2.10.2 /usr/lib/python3.9/site-packages
2024-06-10T17:01:29.194574+00:00 DEBUG 'ansible_navigator.main' cffi==1.14.3 /usr/lib64/python3.9/site-packages
2024-06-10T17:01:29.194593+00:00 DEBUG 'ansible_navigator.main' cryptography==3.3.1 /usr/lib64/python3.9/site-packages
2024-06-10T17:01:29.194619+00:00 DEBUG 'ansible_navigator.main' distro==1.6.0 /usr/lib/python3.9/site-packages
2024-06-10T17:01:29.194640+00:00 DEBUG 'ansible_navigator.main' docutils==0.16 /usr/lib/python3.9/site-packages
2024-06-10T17:01:29.194659+00:00 DEBUG 'ansible_navigator.main' idna==2.10 /usr/lib/python3.9/site-packages
2024-06-10T17:01:29.194678+00:00 DEBUG 'ansible_navigator.main' importlib-metadata==4.10.1 /usr/lib/python3.9/site-packages
2024-06-10T17:01:29.194696+00:00 DEBUG 'ansible_navigator.main' jinja2==3.0.3 /usr/lib/python3.9/site-packages
2024-06-10T17:01:29.194715+00:00 DEBUG 'ansible_navigator.main' jsonschema==4.6.0 /usr/lib/python3.9/site-packages
2024-06-10T17:01:29.194734+00:00 DEBUG 'ansible_navigator.main' lockfile==0.12.2 /usr/lib/python3.9/site-packages
2024-06-10T17:01:29.194753+00:00 DEBUG 'ansible_navigator.main' markupsafe==2.1.0 /usr/lib64/python3.9/site-packages
2024-06-10T17:01:29.194772+00:00 DEBUG 'ansible_navigator.main' onigurumacffi==1.1.0 /usr/lib64/python3.9/site-packages
2024-06-10T17:01:29.194790+00:00 DEBUG 'ansible_navigator.main' packaging==21.3 /usr/lib/python3.9/site-packages
2024-06-10T17:01:29.194809+00:00 DEBUG 'ansible_navigator.main' parsley==1.3 /usr/lib/python3.9/site-packages
2024-06-10T17:01:29.194836+00:00 DEBUG 'ansible_navigator.main' pbr==5.8.1 /usr/lib/python3.9/site-packages
2024-06-10T17:01:29.194856+00:00 DEBUG 'ansible_navigator.main' pexpect==4.8.0 /usr/lib/python3.9/site-packages
2024-06-10T17:01:29.194875+00:00 DEBUG 'ansible_navigator.main' pip==20.2.4 /usr/lib/python3.9/site-packages
2024-06-10T17:01:29.194894+00:00 DEBUG 'ansible_navigator.main' ply==3.11 /usr/lib/python3.9/site-packages
2024-06-10T17:01:29.194913+00:00 DEBUG 'ansible_navigator.main' ptyprocess==0.6.0 /usr/lib/python3.9/site-packages
2024-06-10T17:01:29.194932+00:00 DEBUG 'ansible_navigator.main' pycparser==2.20 /usr/lib/python3.9/site-packages
2024-06-10T17:01:29.194950+00:00 DEBUG 'ansible_navigator.main' pyparsing==2.4.7 /usr/lib/python3.9/site-packages
2024-06-10T17:01:29.194968+00:00 DEBUG 'ansible_navigator.main' pyrsistent==0.18.1 /usr/lib64/python3.9/site-packages
2024-06-10T17:01:29.194987+00:00 DEBUG 'ansible_navigator.main' python-daemon==2.3.0 /usr/lib/python3.9/site-packages
2024-06-10T17:01:29.195006+00:00 DEBUG 'ansible_navigator.main' pyyaml==5.4.1 /usr/lib64/python3.9/site-packages
2024-06-10T17:01:29.195024+00:00 DEBUG 'ansible_navigator.main' requirements-parser==0.2.0 /usr/lib/python3.9/site-packages
2024-06-10T17:01:29.195043+00:00 DEBUG 'ansible_navigator.main' resolvelib==0.5.4 /usr/lib/python3.9/site-packages
2024-06-10T17:01:29.195061+00:00 DEBUG 'ansible_navigator.main' setuptools==50.3.2 /usr/lib/python3.9/site-packages
2024-06-10T17:01:29.195080+00:00 DEBUG 'ansible_navigator.main' six==1.15.0 /usr/lib/python3.9/site-packages
2024-06-10T17:01:29.195098+00:00 DEBUG 'ansible_navigator.main' typing-extensions==3.10.0.2 /usr/lib/python3.9/site-packages
2024-06-10T17:01:29.195117+00:00 DEBUG 'ansible_navigator.main' zipp==3.4.0 /usr/lib/python3.9/site-packages
2024-06-10T17:01:29.195136+00:00 DEBUG 'ansible_navigator.main' Share directory '/usr/lib/python3.9/share/ansible_navigator' not found (development path)
2024-06-10T17:01:29.195154+00:00 DEBUG 'ansible_navigator.main' Share directory '/home/student/.local/share/ansible_navigator' not found (userbase)
2024-06-10T17:01:29.195173+00:00 DEBUG 'ansible_navigator.main' Share directory '/usr/share/ansible_navigator' found (sys.prefix)
2024-06-10T17:01:29.195191+00:00 DEBUG 'ansible_navigator.main' Default collection_doc_cache_path set to: /home/student/.cache/ansible-navigator/collection_doc_cache.db
2024-06-10T17:01:29.195210+00:00 DEBUG 'ansible_navigator.main' EDITOR environment variable not set
2024-06-10T17:01:29.195228+00:00 DEBUG 'ansible_navigator.main' Default editor_command set to: vi +{line_number} {filename}
2024-06-10T17:01:29.195247+00:00 DEBUG 'ansible_navigator.main' No config file set by ANSIBLE_NAVIGATOR_CONFIG
2024-06-10T17:01:29.195265+00:00 DEBUG 'ansible_navigator.main' Looking in /home/student
2024-06-10T17:01:29.195284+00:00 DEBUG 'ansible_navigator.main' Looking for '/home/student/.ansible-navigator.yml', '/home/student/.ansible-navigator.yaml' and '/home/student/.ansible-navigator.json'
2024-06-10T17:01:29.195303+00:00 DEBUG 'ansible_navigator.main' Found 0: 
2024-06-10T17:01:29.195321+00:00 DEBUG 'ansible_navigator.main' Looking in /home/student/Github/vimrc
2024-06-10T17:01:29.195339+00:00 DEBUG 'ansible_navigator.main' Looking for '/home/student/Github/vimrc/ansible-navigator.yml', '/home/student/Github/vimrc/ansible-navigator.yaml' and '/home/student/Github/vimrc/ansible-navigator.json'
2024-06-10T17:01:29.195359+00:00 DEBUG 'ansible_navigator.main' Found 1: '/home/student/Github/vimrc/ansible-navigator.yml'
2024-06-10T17:01:29.195377+00:00 DEBUG 'ansible_navigator.main' All found 1: '/home/student/Github/vimrc/ansible-navigator.yml'
2024-06-10T17:01:29.195404+00:00 DEBUG 'ansible_navigator.main' Using: /home/student/Github/vimrc/ansible-navigator.yml
2024-06-10T17:01:29.195424+00:00 DEBUG 'ansible_navigator.main' Using settings file at /home/student/Github/vimrc/ansible-navigator.yml in search path
2024-06-10T17:01:29.195443+00:00 DEBUG 'ansible_navigator.main' Command provided: 'run VIMRC_Setup_AAP.yml --eei hub.lab.example.com/ee-supported-rhel8:latest -m stdout -K'
2024-06-10T17:01:29.195466+00:00 WARNING 'ansible_navigator.main' Configuration errors encountered, rolling back to previous configuration.
2024-06-10T17:01:29.195485+00:00 DEBUG 'ansible_navigator.main' Prior to rollback: ansible_runner_artifact_dir = 'Not set' (Constants/Not set)
2024-06-10T17:01:29.195504+00:00 DEBUG 'ansible_navigator.main' Prior to rollback: ansible_runner_rotate_artifacts_count = 'Not set' (Constants/Not set)
2024-06-10T17:01:29.195522+00:00 DEBUG 'ansible_navigator.main' Prior to rollback: ansible_runner_timeout = 'Not set' (Constants/Not set)
2024-06-10T17:01:29.195540+00:00 DEBUG 'ansible_navigator.main' Prior to rollback: app = 'run' (str/Command line)
2024-06-10T17:01:29.195558+00:00 DEBUG 'ansible_navigator.main' Prior to rollback: cmdline = '['-K']' (list/Command line)
2024-06-10T17:01:29.195577+00:00 DEBUG 'ansible_navigator.main' Prior to rollback: collection_doc_cache_path = '/home/student/.cache/ansible-navigator/collection_doc_cache.db' (str/Defaults)
2024-06-10T17:01:29.195595+00:00 DEBUG 'ansible_navigator.main' Prior to rollback: config = 'Not set' (Constants/Not set)
2024-06-10T17:01:29.195620+00:00 DEBUG 'ansible_navigator.main' Prior to rollback: container_engine = 'auto' (str/Defaults)
2024-06-10T17:01:29.195639+00:00 DEBUG 'ansible_navigator.main' Prior to rollback: container_options = 'Not set' (Constants/Not set)
2024-06-10T17:01:29.195657+00:00 DEBUG 'ansible_navigator.main' Prior to rollback: display_color = 'True' (bool/Defaults)
2024-06-10T17:01:29.195676+00:00 DEBUG 'ansible_navigator.main' Prior to rollback: editor_command = 'vi +{line_number} {filename}' (str/Defaults)
2024-06-10T17:01:29.195694+00:00 DEBUG 'ansible_navigator.main' Prior to rollback: editor_console = 'True' (bool/Defaults)
2024-06-10T17:01:29.195712+00:00 DEBUG 'ansible_navigator.main' Prior to rollback: exec_command = '/bin/bash' (str/Defaults)
2024-06-10T17:01:29.195731+00:00 DEBUG 'ansible_navigator.main' Prior to rollback: exec_shell = 'True' (bool/Defaults)
2024-06-10T17:01:29.195749+00:00 DEBUG 'ansible_navigator.main' Prior to rollback: execution_environment = 'True' (bool/Defaults)
2024-06-10T17:01:29.195767+00:00 DEBUG 'ansible_navigator.main' Prior to rollback: execution_environment_image = 'hub.lab.example.com/ee-supported-rhel8:latest' (str/Command line)
2024-06-10T17:01:29.195786+00:00 DEBUG 'ansible_navigator.main' Prior to rollback: execution_environment_volume_mounts = 'Not set' (Constants/Not set)
2024-06-10T17:01:29.195804+00:00 DEBUG 'ansible_navigator.main' Prior to rollback: help_builder = 'False' (bool/Defaults)
2024-06-10T17:01:29.195822+00:00 DEBUG 'ansible_navigator.main' Prior to rollback: help_config = 'False' (bool/Defaults)
2024-06-10T17:01:29.195840+00:00 DEBUG 'ansible_navigator.main' Prior to rollback: help_doc = 'False' (bool/Defaults)
2024-06-10T17:01:29.195859+00:00 DEBUG 'ansible_navigator.main' Prior to rollback: help_inventory = 'False' (bool/Defaults)
2024-06-10T17:01:29.195877+00:00 DEBUG 'ansible_navigator.main' Prior to rollback: help_playbook = 'False' (bool/Defaults)
2024-06-10T17:01:29.195895+00:00 DEBUG 'ansible_navigator.main' Prior to rollback: images_details = '['everything']' (list/Defaults)
2024-06-10T17:01:29.195913+00:00 DEBUG 'ansible_navigator.main' Prior to rollback: inventory = 'Not set' (Constants/Not set)
2024-06-10T17:01:29.195931+00:00 DEBUG 'ansible_navigator.main' Prior to rollback: inventory_column = 'Not set' (Constants/Not set)
2024-06-10T17:01:29.195950+00:00 DEBUG 'ansible_navigator.main' Prior to rollback: lint_config = 'Not set' (Constants/Not set)
2024-06-10T17:01:29.195968+00:00 DEBUG 'ansible_navigator.main' Prior to rollback: lintables = 'Not set' (Constants/Not set)
2024-06-10T17:01:29.195987+00:00 DEBUG 'ansible_navigator.main' Prior to rollback: log_append = 'True' (bool/Defaults)
2024-06-10T17:01:29.196005+00:00 DEBUG 'ansible_navigator.main' Prior to rollback: log_file = '/home/student/Github/vimrc/ansible-navigator.log' (str/Defaults)
2024-06-10T17:01:29.196026+00:00 DEBUG 'ansible_navigator.main' Prior to rollback: log_level = 'warning' (str/Defaults)
2024-06-10T17:01:29.196045+00:00 DEBUG 'ansible_navigator.main' Prior to rollback: mode = 'stdout' (str/Command line)
2024-06-10T17:01:29.196063+00:00 DEBUG 'ansible_navigator.main' Prior to rollback: osc4 = 'True' (bool/Defaults)
2024-06-10T17:01:29.196082+00:00 DEBUG 'ansible_navigator.main' Prior to rollback: pass_environment_variable = 'Not set' (Constants/Not set)
2024-06-10T17:01:29.196100+00:00 DEBUG 'ansible_navigator.main' Prior to rollback: playbook = 'VIMRC_Setup_AAP.yml' (str/Command line)
2024-06-10T17:01:29.196118+00:00 DEBUG 'ansible_navigator.main' Prior to rollback: playbook_artifact_enable = 'True' (bool/Defaults)
2024-06-10T17:01:29.196136+00:00 DEBUG 'ansible_navigator.main' Prior to rollback: playbook_artifact_replay = 'Not set' (Constants/Not set)
2024-06-10T17:01:29.196155+00:00 DEBUG 'ansible_navigator.main' Prior to rollback: playbook_artifact_save_as = '{playbook_dir}/{playbook_name}-artifact-{time_stamp}.json' (str/Defaults)
2024-06-10T17:01:29.196173+00:00 DEBUG 'ansible_navigator.main' Prior to rollback: plugin_name = 'Not set' (Constants/Not set)
2024-06-10T17:01:29.196191+00:00 DEBUG 'ansible_navigator.main' Prior to rollback: plugin_type = 'module' (str/Defaults)
2024-06-10T17:01:29.196209+00:00 DEBUG 'ansible_navigator.main' Prior to rollback: pull_arguments = 'Not set' (Constants/Not set)
2024-06-10T17:01:29.196228+00:00 DEBUG 'ansible_navigator.main' Prior to rollback: pull_policy = 'tag' (str/Defaults)
2024-06-10T17:01:29.196246+00:00 DEBUG 'ansible_navigator.main' Prior to rollback: set_environment_variable = 'Not set' (Constants/Not set)
2024-06-10T17:01:29.196265+00:00 DEBUG 'ansible_navigator.main' Prior to rollback: settings_effective = 'False' (bool/Defaults)
2024-06-10T17:01:29.196283+00:00 DEBUG 'ansible_navigator.main' Prior to rollback: settings_sample = 'False' (bool/Defaults)
2024-06-10T17:01:29.196301+00:00 DEBUG 'ansible_navigator.main' Prior to rollback: settings_schema = 'json' (str/Defaults)
2024-06-10T17:01:29.196319+00:00 DEBUG 'ansible_navigator.main' Prior to rollback: settings_sources = 'False' (bool/Defaults)
2024-06-10T17:01:29.196337+00:00 DEBUG 'ansible_navigator.main' Prior to rollback: time_zone = 'UTC' (str/Defaults)
2024-06-10T17:01:29.196355+00:00 DEBUG 'ansible_navigator.main' Prior to rollback: workdir = '/home/student/Github/vimrc' (str/Defaults)
2024-06-10T17:01:29.196373+00:00 DEBUG 'ansible_navigator.main' After rollback: ansible_runner_artifact_dir = 'Not set' (Constants/Not set)
2024-06-10T17:01:29.196401+00:00 DEBUG 'ansible_navigator.main' After rollback: ansible_runner_rotate_artifacts_count = 'Not set' (Constants/Not set)
2024-06-10T17:01:29.196424+00:00 DEBUG 'ansible_navigator.main' After rollback: ansible_runner_timeout = 'Not set' (Constants/Not set)
2024-06-10T17:01:29.196443+00:00 DEBUG 'ansible_navigator.main' After rollback: app = 'Not set' (Constants/Not set)
2024-06-10T17:01:29.196462+00:00 DEBUG 'ansible_navigator.main' After rollback: cmdline = 'Not set' (Constants/Not set)
2024-06-10T17:01:29.196481+00:00 DEBUG 'ansible_navigator.main' After rollback: collection_doc_cache_path = 'Not set' (Constants/Not set)
2024-06-10T17:01:29.196499+00:00 DEBUG 'ansible_navigator.main' After rollback: config = 'Not set' (Constants/Not set)
2024-06-10T17:01:29.196517+00:00 DEBUG 'ansible_navigator.main' After rollback: container_engine = 'Not set' (Constants/Not set)
2024-06-10T17:01:29.196536+00:00 DEBUG 'ansible_navigator.main' After rollback: container_options = 'Not set' (Constants/Not set)
2024-06-10T17:01:29.196554+00:00 DEBUG 'ansible_navigator.main' After rollback: display_color = 'Not set' (Constants/Not set)
2024-06-10T17:01:29.196572+00:00 DEBUG 'ansible_navigator.main' After rollback: editor_command = 'Not set' (Constants/Not set)
2024-06-10T17:01:29.196591+00:00 DEBUG 'ansible_navigator.main' After rollback: editor_console = 'Not set' (Constants/Not set)
2024-06-10T17:01:29.196615+00:00 DEBUG 'ansible_navigator.main' After rollback: exec_command = 'Not set' (Constants/Not set)
2024-06-10T17:01:29.196636+00:00 DEBUG 'ansible_navigator.main' After rollback: exec_shell = 'Not set' (Constants/Not set)
2024-06-10T17:01:29.196655+00:00 DEBUG 'ansible_navigator.main' After rollback: execution_environment = 'Not set' (Constants/Not set)
2024-06-10T17:01:29.196674+00:00 DEBUG 'ansible_navigator.main' After rollback: execution_environment_image = 'Not set' (Constants/Not set)
2024-06-10T17:01:29.196692+00:00 DEBUG 'ansible_navigator.main' After rollback: execution_environment_volume_mounts = 'Not set' (Constants/Not set)
2024-06-10T17:01:29.196710+00:00 DEBUG 'ansible_navigator.main' After rollback: help_builder = 'Not set' (Constants/Not set)
2024-06-10T17:01:29.196729+00:00 DEBUG 'ansible_navigator.main' After rollback: help_config = 'Not set' (Constants/Not set)
2024-06-10T17:01:29.196748+00:00 DEBUG 'ansible_navigator.main' After rollback: help_doc = 'Not set' (Constants/Not set)
2024-06-10T17:01:29.196766+00:00 DEBUG 'ansible_navigator.main' After rollback: help_inventory = 'Not set' (Constants/Not set)
2024-06-10T17:01:29.196784+00:00 DEBUG 'ansible_navigator.main' After rollback: help_playbook = 'Not set' (Constants/Not set)
2024-06-10T17:01:29.196803+00:00 DEBUG 'ansible_navigator.main' After rollback: images_details = 'Not set' (Constants/Not set)
2024-06-10T17:01:29.196821+00:00 DEBUG 'ansible_navigator.main' After rollback: inventory = 'Not set' (Constants/Not set)
2024-06-10T17:01:29.196840+00:00 DEBUG 'ansible_navigator.main' After rollback: inventory_column = 'Not set' (Constants/Not set)
2024-06-10T17:01:29.196858+00:00 DEBUG 'ansible_navigator.main' After rollback: lint_config = 'Not set' (Constants/Not set)
2024-06-10T17:01:29.196877+00:00 DEBUG 'ansible_navigator.main' After rollback: lintables = 'Not set' (Constants/Not set)
2024-06-10T17:01:29.196895+00:00 DEBUG 'ansible_navigator.main' After rollback: log_append = 'Not set' (Constants/Not set)
2024-06-10T17:01:29.196914+00:00 DEBUG 'ansible_navigator.main' After rollback: log_file = 'Not set' (Constants/Not set)
2024-06-10T17:01:29.196932+00:00 DEBUG 'ansible_navigator.main' After rollback: log_level = 'Not set' (Constants/Not set)
2024-06-10T17:01:29.196950+00:00 DEBUG 'ansible_navigator.main' After rollback: mode = 'Not set' (Constants/Not set)
2024-06-10T17:01:29.196968+00:00 DEBUG 'ansible_navigator.main' After rollback: osc4 = 'Not set' (Constants/Not set)
2024-06-10T17:01:29.196986+00:00 DEBUG 'ansible_navigator.main' After rollback: pass_environment_variable = 'Not set' (Constants/Not set)
2024-06-10T17:01:29.197004+00:00 DEBUG 'ansible_navigator.main' After rollback: playbook = 'Not set' (Constants/Not set)
2024-06-10T17:01:29.197022+00:00 DEBUG 'ansible_navigator.main' After rollback: playbook_artifact_enable = 'Not set' (Constants/Not set)
2024-06-10T17:01:29.197040+00:00 DEBUG 'ansible_navigator.main' After rollback: playbook_artifact_replay = 'Not set' (Constants/Not set)
2024-06-10T17:01:29.197058+00:00 DEBUG 'ansible_navigator.main' After rollback: playbook_artifact_save_as = 'Not set' (Constants/Not set)
2024-06-10T17:01:29.197076+00:00 DEBUG 'ansible_navigator.main' After rollback: plugin_name = 'Not set' (Constants/Not set)
2024-06-10T17:01:29.197094+00:00 DEBUG 'ansible_navigator.main' After rollback: plugin_type = 'Not set' (Constants/Not set)
2024-06-10T17:01:29.197113+00:00 DEBUG 'ansible_navigator.main' After rollback: pull_arguments = 'Not set' (Constants/Not set)
2024-06-10T17:01:29.197130+00:00 DEBUG 'ansible_navigator.main' After rollback: pull_policy = 'Not set' (Constants/Not set)
2024-06-10T17:01:29.197148+00:00 DEBUG 'ansible_navigator.main' After rollback: set_environment_variable = 'Not set' (Constants/Not set)
2024-06-10T17:01:29.197166+00:00 DEBUG 'ansible_navigator.main' After rollback: settings_effective = 'Not set' (Constants/Not set)
2024-06-10T17:01:29.197184+00:00 DEBUG 'ansible_navigator.main' After rollback: settings_sample = 'Not set' (Constants/Not set)
2024-06-10T17:01:29.197202+00:00 DEBUG 'ansible_navigator.main' After rollback: settings_schema = 'Not set' (Constants/Not set)
2024-06-10T17:01:29.197221+00:00 DEBUG 'ansible_navigator.main' After rollback: settings_sources = 'Not set' (Constants/Not set)
2024-06-10T17:01:29.197240+00:00 DEBUG 'ansible_navigator.main' After rollback: time_zone = 'Not set' (Constants/Not set)
2024-06-10T17:01:29.197258+00:00 DEBUG 'ansible_navigator.main' After rollback: workdir = 'Not set' (Constants/Not set)
2024-06-10T17:01:29.197276+00:00 DEBUG 'ansible_navigator.main' Configuration rollback complete.
2024-06-10T17:01:29.197294+00:00 DEBUG 'ansible_navigator.main' Collection doc cache not mounted
2024-06-10T17:01:29.197319+00:00 WARNING 'ansible_navigator.main' Issues were found while applying the settings.
2024-06-10T17:01:29.197341+00:00 INFO 'ansible_navigator.main' Command provided: 'run VIMRC_Setup_AAP.yml --eei hub.lab.example.com/ee-supported-rhel8:latest -m stdout -K'
2024-06-10T17:01:29.197364+00:00 ERROR 'ansible_navigator.main' The following errors were found in the settings file (/home/student/Github/vimrc/ansible-navigator.yml):
2024-06-10T17:01:29.197385+00:00 ERROR 'ansible_navigator.main' In 'ansible-navigator.execution-environment.image': None is not of type 'string'.
2024-06-10T17:01:29.197417+00:00 INFO 'ansible_navigator.main' Check the settings file and compare it to the current version.
2024-06-10T17:01:29.197439+00:00 INFO 'ansible_navigator.main' The current version can be found here: (https://ansible-navigator.readthedocs.io/en/latest/settings/#ansible-navigator-settings)
2024-06-10T17:01:29.197460+00:00 INFO 'ansible_navigator.main' The schema used for validation can be seen with 'ansible-navigator settings --schema'
2024-06-10T17:01:29.197481+00:00 INFO 'ansible_navigator.main' A sample settings file can be created with 'ansible-navigator settings --sample'
2024-06-10T17:01:29.197501+00:00 INFO 'ansible_navigator.main' Configuration failed, using default log file location. (/home/student/Github/vimrc/ansible-navigator.log) Log level set to debug
2024-06-10T17:01:29.197523+00:00 INFO 'ansible_navigator.main' Review the hints and log file to see what went wrong.
